{"level":30,"time":1706480369778,"pid":6544,"hostname":"Zelloxx","msg":"Validating config file and environment variables"}
{"level":40,"time":1706480369780,"pid":6544,"hostname":"Zelloxx","msg":"env: SPOTIFY_CLIENT_ID or SPOTIFY_CLIENT_SECRET are missing. Spotify music links won't work"}
{"level":40,"time":1706480369780,"pid":6544,"hostname":"Zelloxx","msg":"env: WEATHERSTACK_KEY is missing. Weather command won't work"}
{"level":40,"time":1706480369780,"pid":6544,"hostname":"Zelloxx","msg":"env: STRANGE_API_KEY is missing. Image commands won't work"}
{"level":30,"time":1706480370205,"pid":6544,"hostname":"Zelloxx","msg":"Loading commands..."}
{"level":20,"time":1706480370255,"pid":6544,"hostname":"Zelloxx","msg":"Skipping Command anti. Category AUTOMOD is disabled"}
{"level":20,"time":1706480370264,"pid":6544,"hostname":"Zelloxx","msg":"Skipping Command autodelete. Category AUTOMOD is disabled"}
{"level":20,"time":1706480370711,"pid":6544,"hostname":"Zelloxx","msg":"Skipping Command automod. Category AUTOMOD is disabled"}
{"level":20,"time":1706480370873,"pid":6544,"hostname":"Zelloxx","msg":"Skipping Command bank. Category ECONOMY is disabled"}
{"level":20,"time":1706480370881,"pid":6544,"hostname":"Zelloxx","msg":"Skipping Command beg. Category ECONOMY is disabled"}
{"level":20,"time":1706480370888,"pid":6544,"hostname":"Zelloxx","msg":"Skipping Command daily. Category ECONOMY is disabled"}
{"level":20,"time":1706480370896,"pid":6544,"hostname":"Zelloxx","msg":"Skipping Command gamble. Category ECONOMY is disabled"}
{"level":20,"time":1706480373588,"pid":6544,"hostname":"Zelloxx","msg":"Skipping Command giveaway. Category GIVEAWAY is disabled"}
{"level":20,"time":1706480373598,"pid":6544,"hostname":"Zelloxx","msg":"Skipping Command filter. Category IMAGE is disabled"}
{"level":20,"time":1706480373606,"pid":6544,"hostname":"Zelloxx","msg":"Skipping Command generator. Category IMAGE is disabled"}
{"level":20,"time":1706480373614,"pid":6544,"hostname":"Zelloxx","msg":"Skipping Command overlay. Category IMAGE is disabled"}
{"level":20,"time":1706480373647,"pid":6544,"hostname":"Zelloxx","msg":"Skipping slash command avatar. Disabled!"}
{"level":20,"time":1706480373660,"pid":6544,"hostname":"Zelloxx","msg":"Skipping slash command botinvite. Disabled!"}
{"level":20,"time":1706480373676,"pid":6544,"hostname":"Zelloxx","msg":"Skipping slash command botstats. Disabled!"}
{"level":20,"time":1706480373696,"pid":6544,"hostname":"Zelloxx","msg":"Skipping slash command channelinfo. Disabled!"}
{"level":20,"time":1706480373709,"pid":6544,"hostname":"Zelloxx","msg":"Skipping slash command emojiinfo. Disabled!"}
{"level":20,"time":1706480373755,"pid":6544,"hostname":"Zelloxx","msg":"Skipping slash command guildinfo. Disabled!"}
{"level":20,"time":1706480373761,"pid":6544,"hostname":"Zelloxx","msg":"Skipping slash command uptime. Disabled!"}
{"level":20,"time":1706480373774,"pid":6544,"hostname":"Zelloxx","msg":"Skipping slash command userinfo. Disabled!"}
{"level":20,"time":1706480373788,"pid":6544,"hostname":"Zelloxx","msg":"Skipping command bot. Disabled!"}
{"level":20,"time":1706480373797,"pid":6544,"hostname":"Zelloxx","msg":"Skipping command info. Disabled!"}
{"level":20,"time":1706480373814,"pid":6544,"hostname":"Zelloxx","msg":"Skipping Command addinvites. Category INVITE is disabled"}
{"level":20,"time":1706480373821,"pid":6544,"hostname":"Zelloxx","msg":"Skipping Command invitecodes. Category INVITE is disabled"}
{"level":20,"time":1706480373830,"pid":6544,"hostname":"Zelloxx","msg":"Skipping Command inviter. Category INVITE is disabled"}
{"level":20,"time":1706480373838,"pid":6544,"hostname":"Zelloxx","msg":"Skipping Command inviterank. Category INVITE is disabled"}
{"level":20,"time":1706480373846,"pid":6544,"hostname":"Zelloxx","msg":"Skipping Command inviteranks. Category INVITE is disabled"}
{"level":20,"time":1706480373853,"pid":6544,"hostname":"Zelloxx","msg":"Skipping Command invites. Category INVITE is disabled"}
{"level":20,"time":1706480373861,"pid":6544,"hostname":"Zelloxx","msg":"Skipping Command invitesimport. Category INVITE is disabled"}
{"level":20,"time":1706480373868,"pid":6544,"hostname":"Zelloxx","msg":"Skipping Command invitetracker. Category INVITE is disabled"}
{"level":20,"time":1706480373876,"pid":6544,"hostname":"Zelloxx","msg":"Skipping Command resetinvites. Category INVITE is disabled"}
{"level":20,"time":1706480373894,"pid":6544,"hostname":"Zelloxx","msg":"Skipping Command ban. Category MODERATION is disabled"}
{"level":20,"time":1706480373902,"pid":6544,"hostname":"Zelloxx","msg":"Skipping Command kick. Category MODERATION is disabled"}
{"level":20,"time":1706480373916,"pid":6544,"hostname":"Zelloxx","msg":"Skipping Command deafen. Category MODERATION is disabled"}
{"level":20,"time":1706480373928,"pid":6544,"hostname":"Zelloxx","msg":"Skipping Command disconnect. Category MODERATION is disabled"}
{"level":20,"time":1706480373943,"pid":6544,"hostname":"Zelloxx","msg":"Skipping Command move. Category MODERATION is disabled"}
{"level":20,"time":1706480373950,"pid":6544,"hostname":"Zelloxx","msg":"Skipping Command purge. Category MODERATION is disabled"}
{"level":20,"time":1706480373957,"pid":6544,"hostname":"Zelloxx","msg":"Skipping Command purgeattach. Category MODERATION is disabled"}
{"level":20,"time":1706480373964,"pid":6544,"hostname":"Zelloxx","msg":"Skipping Command purgebots. Category MODERATION is disabled"}
{"level":20,"time":1706480373971,"pid":6544,"hostname":"Zelloxx","msg":"Skipping Command purgelinks. Category MODERATION is disabled"}
{"level":20,"time":1706480373978,"pid":6544,"hostname":"Zelloxx","msg":"Skipping Command purgetoken. Category MODERATION is disabled"}
{"level":20,"time":1706480373985,"pid":6544,"hostname":"Zelloxx","msg":"Skipping Command purgeuser. Category MODERATION is disabled"}
{"level":20,"time":1706480373998,"pid":6544,"hostname":"Zelloxx","msg":"Skipping Command undeafen. Category MODERATION is disabled"}
{"level":20,"time":1706480374010,"pid":6544,"hostname":"Zelloxx","msg":"Skipping Command vmute. Category MODERATION is disabled"}
{"level":20,"time":1706480374023,"pid":6544,"hostname":"Zelloxx","msg":"Skipping Command vunmute. Category MODERATION is disabled"}
{"level":20,"time":1706480374030,"pid":6544,"hostname":"Zelloxx","msg":"Skipping Command nick. Category MODERATION is disabled"}
{"level":20,"time":1706480374040,"pid":6544,"hostname":"Zelloxx","msg":"Skipping Command purge. Category MODERATION is disabled"}
{"level":20,"time":1706480374048,"pid":6544,"hostname":"Zelloxx","msg":"Skipping Command voice. Category MODERATION is disabled"}
{"level":20,"time":1706480374055,"pid":6544,"hostname":"Zelloxx","msg":"Skipping Command softban. Category MODERATION is disabled"}
{"level":20,"time":1706480374064,"pid":6544,"hostname":"Zelloxx","msg":"Skipping Command timeout. Category MODERATION is disabled"}
{"level":20,"time":1706480374072,"pid":6544,"hostname":"Zelloxx","msg":"Skipping Command unban. Category MODERATION is disabled"}
{"level":20,"time":1706480374079,"pid":6544,"hostname":"Zelloxx","msg":"Skipping Command untimeout. Category MODERATION is disabled"}
{"level":20,"time":1706480374086,"pid":6544,"hostname":"Zelloxx","msg":"Skipping Command warn. Category MODERATION is disabled"}
{"level":20,"time":1706480374094,"pid":6544,"hostname":"Zelloxx","msg":"Skipping Command warnings. Category MODERATION is disabled"}
{"level":20,"time":1706480374227,"pid":6544,"hostname":"Zelloxx","msg":"Skipping slash command eval. Disabled!"}
{"level":20,"time":1706480374234,"pid":6544,"hostname":"Zelloxx","msg":"Skipping slash command leaveserver. Disabled!"}
{"level":20,"time":1706480374242,"pid":6544,"hostname":"Zelloxx","msg":"Skipping slash command listservers. Disabled!"}
{"level":20,"time":1706480374261,"pid":6544,"hostname":"Zelloxx","msg":"Skipping Command rank. Category STATS is disabled"}
{"level":20,"time":1706480374270,"pid":6544,"hostname":"Zelloxx","msg":"Skipping Command stats. Category STATS is disabled"}
{"level":20,"time":1706480374277,"pid":6544,"hostname":"Zelloxx","msg":"Skipping Command statstracking. Category STATS is disabled"}
{"level":20,"time":1706480374285,"pid":6544,"hostname":"Zelloxx","msg":"Skipping Command levelup. Category STATS is disabled"}
{"level":20,"time":1706480374295,"pid":6544,"hostname":"Zelloxx","msg":"Skipping Command suggest. Category SUGGESTION is disabled"}
{"level":20,"time":1706480374314,"pid":6544,"hostname":"Zelloxx","msg":"Skipping Command suggestion. Category SUGGESTION is disabled"}
{"level":30,"time":1706480374474,"pid":6544,"hostname":"Zelloxx","msg":"Loaded 58 commands"}
{"level":30,"time":1706480374474,"pid":6544,"hostname":"Zelloxx","msg":"Loaded 49 slash commands"}
{"level":30,"time":1706480374474,"pid":6544,"hostname":"Zelloxx","msg":"Loading contexts..."}
{"level":30,"time":1706480374483,"pid":6544,"hostname":"Zelloxx","msg":"Loaded 0 USER contexts"}
{"level":30,"time":1706480374483,"pid":6544,"hostname":"Zelloxx","msg":"Loaded 0 MESSAGE contexts"}
{"level":30,"time":1706480374483,"pid":6544,"hostname":"Zelloxx","msg":"Loading events..."}
{"level":30,"time":1706480374688,"pid":6544,"hostname":"Zelloxx","msg":"Loaded 15 events. Success (15) Failed (0)"}
{"level":30,"time":1706480374999,"pid":6544,"hostname":"Zelloxx","msg":"VersionCheck: Your discord bot is up to date"}
{"level":30,"time":1706480374999,"pid":6544,"hostname":"Zelloxx","msg":"Connecting to MongoDb..."}
{"level":30,"time":1706480375546,"pid":6544,"hostname":"Zelloxx","msg":"Mongoose: Database connection established"}
{"level":30,"time":1706480382081,"pid":6544,"hostname":"Zelloxx","msg":"Logged in as La Taverne 🍻#7570! (1199829935875965190)"}
{"level":20,"time":1706480382082,"pid":6544,"hostname":"Zelloxx","msg":"Node \"Lavalink\" debug: connection: creating websocket..."}
{"level":30,"time":1706480382083,"pid":6544,"hostname":"Zelloxx","msg":"Music Manager initialized"}
{"level":30,"time":1706480382499,"pid":6544,"hostname":"Zelloxx","msg":"Node \"Lavalink\" connected"}
{"level":20,"time":1706480382499,"pid":6544,"hostname":"Zelloxx","msg":"Node \"Lavalink\" debug: connection: connected in 416ms"}
{"level":30,"time":1706480382501,"pid":6544,"hostname":"Zelloxx","msg":"Node \"Lavalink\" disconnected"}
{"level":20,"time":1706480382501,"pid":6544,"hostname":"Zelloxx","msg":"Node \"Lavalink\" debug: connection: unable to reconnect"}
{"level":30,"time":1706480452076,"pid":17664,"hostname":"Zelloxx","msg":"Validating config file and environment variables"}
{"level":40,"time":1706480452077,"pid":17664,"hostname":"Zelloxx","msg":"env: SPOTIFY_CLIENT_ID or SPOTIFY_CLIENT_SECRET are missing. Spotify music links won't work"}
{"level":40,"time":1706480452077,"pid":17664,"hostname":"Zelloxx","msg":"env: WEATHERSTACK_KEY is missing. Weather command won't work"}
{"level":40,"time":1706480452077,"pid":17664,"hostname":"Zelloxx","msg":"env: STRANGE_API_KEY is missing. Image commands won't work"}
{"level":30,"time":1706480452143,"pid":17664,"hostname":"Zelloxx","msg":"Loading commands..."}
{"level":20,"time":1706480452177,"pid":17664,"hostname":"Zelloxx","msg":"Skipping Command anti. Category AUTOMOD is disabled"}
{"level":20,"time":1706480452178,"pid":17664,"hostname":"Zelloxx","msg":"Skipping Command autodelete. Category AUTOMOD is disabled"}
{"level":20,"time":1706480452261,"pid":17664,"hostname":"Zelloxx","msg":"Skipping Command automod. Category AUTOMOD is disabled"}
{"level":20,"time":1706480452285,"pid":17664,"hostname":"Zelloxx","msg":"Skipping Command bank. Category ECONOMY is disabled"}
{"level":20,"time":1706480452286,"pid":17664,"hostname":"Zelloxx","msg":"Skipping Command beg. Category ECONOMY is disabled"}
{"level":20,"time":1706480452286,"pid":17664,"hostname":"Zelloxx","msg":"Skipping Command daily. Category ECONOMY is disabled"}
{"level":20,"time":1706480452287,"pid":17664,"hostname":"Zelloxx","msg":"Skipping Command gamble. Category ECONOMY is disabled"}
{"level":20,"time":1706480452834,"pid":17664,"hostname":"Zelloxx","msg":"Skipping Command giveaway. Category GIVEAWAY is disabled"}
{"level":20,"time":1706480452836,"pid":17664,"hostname":"Zelloxx","msg":"Skipping Command filter. Category IMAGE is disabled"}
{"level":20,"time":1706480452837,"pid":17664,"hostname":"Zelloxx","msg":"Skipping Command generator. Category IMAGE is disabled"}
{"level":20,"time":1706480452838,"pid":17664,"hostname":"Zelloxx","msg":"Skipping Command overlay. Category IMAGE is disabled"}
{"level":20,"time":1706480452844,"pid":17664,"hostname":"Zelloxx","msg":"Skipping slash command avatar. Disabled!"}
{"level":20,"time":1706480452846,"pid":17664,"hostname":"Zelloxx","msg":"Skipping slash command botinvite. Disabled!"}
{"level":20,"time":1706480452849,"pid":17664,"hostname":"Zelloxx","msg":"Skipping slash command botstats. Disabled!"}
{"level":20,"time":1706480452851,"pid":17664,"hostname":"Zelloxx","msg":"Skipping slash command channelinfo. Disabled!"}
{"level":20,"time":1706480452853,"pid":17664,"hostname":"Zelloxx","msg":"Skipping slash command emojiinfo. Disabled!"}
{"level":20,"time":1706480452860,"pid":17664,"hostname":"Zelloxx","msg":"Skipping slash command guildinfo. Disabled!"}
{"level":20,"time":1706480452861,"pid":17664,"hostname":"Zelloxx","msg":"Skipping slash command uptime. Disabled!"}
{"level":20,"time":1706480452863,"pid":17664,"hostname":"Zelloxx","msg":"Skipping slash command userinfo. Disabled!"}
{"level":20,"time":1706480452866,"pid":17664,"hostname":"Zelloxx","msg":"Skipping command bot. Disabled!"}
{"level":20,"time":1706480452867,"pid":17664,"hostname":"Zelloxx","msg":"Skipping command info. Disabled!"}
{"level":20,"time":1706480452870,"pid":17664,"hostname":"Zelloxx","msg":"Skipping Command addinvites. Category INVITE is disabled"}
{"level":20,"time":1706480452871,"pid":17664,"hostname":"Zelloxx","msg":"Skipping Command invitecodes. Category INVITE is disabled"}
{"level":20,"time":1706480452872,"pid":17664,"hostname":"Zelloxx","msg":"Skipping Command inviter. Category INVITE is disabled"}
{"level":20,"time":1706480452873,"pid":17664,"hostname":"Zelloxx","msg":"Skipping Command inviterank. Category INVITE is disabled"}
{"level":20,"time":1706480452874,"pid":17664,"hostname":"Zelloxx","msg":"Skipping Command inviteranks. Category INVITE is disabled"}
{"level":20,"time":1706480452875,"pid":17664,"hostname":"Zelloxx","msg":"Skipping Command invites. Category INVITE is disabled"}
{"level":20,"time":1706480452876,"pid":17664,"hostname":"Zelloxx","msg":"Skipping Command invitesimport. Category INVITE is disabled"}
{"level":20,"time":1706480452876,"pid":17664,"hostname":"Zelloxx","msg":"Skipping Command invitetracker. Category INVITE is disabled"}
{"level":20,"time":1706480452877,"pid":17664,"hostname":"Zelloxx","msg":"Skipping Command resetinvites. Category INVITE is disabled"}
{"level":20,"time":1706480452880,"pid":17664,"hostname":"Zelloxx","msg":"Skipping Command ban. Category MODERATION is disabled"}
{"level":20,"time":1706480452881,"pid":17664,"hostname":"Zelloxx","msg":"Skipping Command kick. Category MODERATION is disabled"}
{"level":20,"time":1706480452883,"pid":17664,"hostname":"Zelloxx","msg":"Skipping Command deafen. Category MODERATION is disabled"}
{"level":20,"time":1706480452884,"pid":17664,"hostname":"Zelloxx","msg":"Skipping Command disconnect. Category MODERATION is disabled"}
{"level":20,"time":1706480452887,"pid":17664,"hostname":"Zelloxx","msg":"Skipping Command move. Category MODERATION is disabled"}
{"level":20,"time":1706480452888,"pid":17664,"hostname":"Zelloxx","msg":"Skipping Command purge. Category MODERATION is disabled"}
{"level":20,"time":1706480452888,"pid":17664,"hostname":"Zelloxx","msg":"Skipping Command purgeattach. Category MODERATION is disabled"}
{"level":20,"time":1706480452889,"pid":17664,"hostname":"Zelloxx","msg":"Skipping Command purgebots. Category MODERATION is disabled"}
{"level":20,"time":1706480452890,"pid":17664,"hostname":"Zelloxx","msg":"Skipping Command purgelinks. Category MODERATION is disabled"}
{"level":20,"time":1706480452890,"pid":17664,"hostname":"Zelloxx","msg":"Skipping Command purgetoken. Category MODERATION is disabled"}
{"level":20,"time":1706480452891,"pid":17664,"hostname":"Zelloxx","msg":"Skipping Command purgeuser. Category MODERATION is disabled"}
{"level":20,"time":1706480452893,"pid":17664,"hostname":"Zelloxx","msg":"Skipping Command undeafen. Category MODERATION is disabled"}
{"level":20,"time":1706480452894,"pid":17664,"hostname":"Zelloxx","msg":"Skipping Command vmute. Category MODERATION is disabled"}
{"level":20,"time":1706480452895,"pid":17664,"hostname":"Zelloxx","msg":"Skipping Command vunmute. Category MODERATION is disabled"}
{"level":20,"time":1706480452896,"pid":17664,"hostname":"Zelloxx","msg":"Skipping Command nick. Category MODERATION is disabled"}
{"level":20,"time":1706480452898,"pid":17664,"hostname":"Zelloxx","msg":"Skipping Command purge. Category MODERATION is disabled"}
{"level":20,"time":1706480452900,"pid":17664,"hostname":"Zelloxx","msg":"Skipping Command voice. Category MODERATION is disabled"}
{"level":20,"time":1706480452901,"pid":17664,"hostname":"Zelloxx","msg":"Skipping Command softban. Category MODERATION is disabled"}
{"level":20,"time":1706480452902,"pid":17664,"hostname":"Zelloxx","msg":"Skipping Command timeout. Category MODERATION is disabled"}
{"level":20,"time":1706480452903,"pid":17664,"hostname":"Zelloxx","msg":"Skipping Command unban. Category MODERATION is disabled"}
{"level":20,"time":1706480452904,"pid":17664,"hostname":"Zelloxx","msg":"Skipping Command untimeout. Category MODERATION is disabled"}
{"level":20,"time":1706480452904,"pid":17664,"hostname":"Zelloxx","msg":"Skipping Command warn. Category MODERATION is disabled"}
{"level":20,"time":1706480452905,"pid":17664,"hostname":"Zelloxx","msg":"Skipping Command warnings. Category MODERATION is disabled"}
{"level":20,"time":1706480452923,"pid":17664,"hostname":"Zelloxx","msg":"Skipping slash command eval. Disabled!"}
{"level":20,"time":1706480452923,"pid":17664,"hostname":"Zelloxx","msg":"Skipping slash command leaveserver. Disabled!"}
{"level":20,"time":1706480452924,"pid":17664,"hostname":"Zelloxx","msg":"Skipping slash command listservers. Disabled!"}
{"level":20,"time":1706480452927,"pid":17664,"hostname":"Zelloxx","msg":"Skipping Command rank. Category STATS is disabled"}
{"level":20,"time":1706480452929,"pid":17664,"hostname":"Zelloxx","msg":"Skipping Command stats. Category STATS is disabled"}
{"level":20,"time":1706480452930,"pid":17664,"hostname":"Zelloxx","msg":"Skipping Command statstracking. Category STATS is disabled"}
{"level":20,"time":1706480452931,"pid":17664,"hostname":"Zelloxx","msg":"Skipping Command levelup. Category STATS is disabled"}
{"level":20,"time":1706480452934,"pid":17664,"hostname":"Zelloxx","msg":"Skipping Command suggest. Category SUGGESTION is disabled"}
{"level":20,"time":1706480452937,"pid":17664,"hostname":"Zelloxx","msg":"Skipping Command suggestion. Category SUGGESTION is disabled"}
{"level":30,"time":1706480452958,"pid":17664,"hostname":"Zelloxx","msg":"Loaded 58 commands"}
{"level":30,"time":1706480452958,"pid":17664,"hostname":"Zelloxx","msg":"Loaded 49 slash commands"}
{"level":30,"time":1706480452958,"pid":17664,"hostname":"Zelloxx","msg":"Loading contexts..."}
{"level":30,"time":1706480452960,"pid":17664,"hostname":"Zelloxx","msg":"Loaded 0 USER contexts"}
{"level":30,"time":1706480452960,"pid":17664,"hostname":"Zelloxx","msg":"Loaded 0 MESSAGE contexts"}
{"level":30,"time":1706480452960,"pid":17664,"hostname":"Zelloxx","msg":"Loading events..."}
{"level":30,"time":1706480453004,"pid":17664,"hostname":"Zelloxx","msg":"Loaded 15 events. Success (15) Failed (0)"}
{"level":30,"time":1706480453291,"pid":17664,"hostname":"Zelloxx","msg":"VersionCheck: Your discord bot is up to date"}
{"level":30,"time":1706480453291,"pid":17664,"hostname":"Zelloxx","msg":"Connecting to MongoDb..."}
{"level":30,"time":1706480453761,"pid":17664,"hostname":"Zelloxx","msg":"Mongoose: Database connection established"}
{"level":30,"time":1706480454518,"pid":17664,"hostname":"Zelloxx","msg":"Logged in as La Taverne 🍻#7570! (1199829935875965190)"}
{"level":20,"time":1706480454518,"pid":17664,"hostname":"Zelloxx","msg":"Node \"Lavalink\" debug: connection: creating websocket..."}
{"level":30,"time":1706480454519,"pid":17664,"hostname":"Zelloxx","msg":"Music Manager initialized"}
{"level":30,"time":1706480456146,"pid":17664,"hostname":"Zelloxx","msg":"Node \"Lavalink\" connected"}
{"level":20,"time":1706480456146,"pid":17664,"hostname":"Zelloxx","msg":"Node \"Lavalink\" debug: connection: connected in 1627ms"}
{"level":20,"time":1706480456148,"pid":17664,"hostname":"Zelloxx","msg":"Node \"Lavalink\" debug: connection: lavaclient <<< ready: {\"resumed\":false,\"sessionId\":\"sjzhiqwcrbyzmzsa\",\"op\":\"ready\"}"}
{"level":20,"time":1706480456148,"pid":17664,"hostname":"Zelloxx","msg":"Node \"Lavalink\" debug: connection: lavaclient <<< stats: {\"players\":29,\"playingPlayers\":4,\"uptime\":438708469,\"memory\":{\"free\":36508440,\"used\":91221224,\"allocated\":127729664,\"reservable\":127729664},\"cpu\":{\"cores\":1,\"systemLoad\":0.058823529411764705,\"lavalinkLoad\":0.060362173038229376},\"op\":\"stats\"}"}
{"level":20,"time":1706480478276,"pid":17664,"hostname":"Zelloxx","msg":"Node \"Lavalink\" debug: rest: + GET /loadtracks?identifier=ytsearch%3Aclassico%20organis%C3%A9"}
{"level":20,"time":1706480478439,"pid":17664,"hostname":"Zelloxx","msg":"Node \"Lavalink\" debug: [player 1198625511706996757] voice: updating voice status in guild=1198625511706996757, channel=null"}
{"level":20,"time":1706480478439,"pid":17664,"hostname":"Zelloxx","msg":"Node \"Lavalink\" debug: connection: lavaclient >>> play: {\"op\":\"play\",\"track\":\"QAAAyAIAYExlIENsYXNzaWNvIG9yZ2FuaXPDqSAtIEtvYmEgTGFEIC8gSnVMIC8gUExLLyBTQ0gvIEdhem8gLyBTb3NvIE1hbmVzcyAvIEtvZnMgLyBHdXkyYmV6YmFyIC8gTmFwcwAORE9SRVRERVBMQVRJTkUAAAAAAAX7QAALcUU1ZmtqQ213Y28AAQAraHR0cHM6Ly93d3cueW91dHViZS5jb20vd2F0Y2g/dj1xRTVma2pDbXdjbwAHeW91dHViZQAAAAAAAAAA\",\"guildId\":\"1198625511706996757\"}"}
{"level":20,"time":1706480478608,"pid":17664,"hostname":"Zelloxx","msg":"Node \"Lavalink\" debug: connection: lavaclient <<< event: {\"encodedTrack\":\"QAAAyAIAYExlIENsYXNzaWNvIG9yZ2FuaXPDqSAtIEtvYmEgTGFEIC8gSnVMIC8gUExLLyBTQ0gvIEdhem8gLyBTb3NvIE1hbmVzcyAvIEtvZnMgLyBHdXkyYmV6YmFyIC8gTmFwcwAORE9SRVRERVBMQVRJTkUAAAAAAAX7QAALcUU1ZmtqQ213Y28AAQAraHR0cHM6Ly93d3cueW91dHViZS5jb20vd2F0Y2g/dj1xRTVma2pDbXdjbwAHeW91dHViZQAAAAAAAAAA\",\"track\":\"QAAAyAIAYExlIENsYXNzaWNvIG9yZ2FuaXPDqSAtIEtvYmEgTGFEIC8gSnVMIC8gUExLLyBTQ0gvIEdhem8gLyBTb3NvIE1hbmVzcyAvIEtvZnMgLyBHdXkyYmV6YmFyIC8gTmFwcwAORE9SRVRERVBMQVRJTkUAAAAAAAX7QAALcUU1ZmtqQ213Y28AAQAraHR0cHM6Ly93d3cueW91dHViZS5jb20vd2F0Y2g/dj1xRTVma2pDbXdjbwAHeW91dHViZQAAAAAAAAAA\",\"guildId\":\"1198625511706996757\",\"op\":\"event\",\"type\":\"TrackStartEvent\"}"}
{"level":20,"time":1706480478608,"pid":17664,"hostname":"Zelloxx","msg":"Node \"Lavalink\" debug: connection: lavaclient <<< playerUpdate: {\"state\":{\"time\":1706480523070,\"position\":0,\"connected\":false,\"ping\":-1},\"guildId\":\"1198625511706996757\",\"op\":\"playerUpdate\"}"}
{"level":20,"time":1706480478608,"pid":17664,"hostname":"Zelloxx","msg":"Node \"Lavalink\" debug: connection: lavaclient <<< playerUpdate: {\"state\":{\"time\":1706480523070,\"position\":0,\"connected\":false,\"ping\":-1},\"guildId\":\"1198625511706996757\",\"op\":\"playerUpdate\"}"}
{"level":20,"time":1706480478678,"pid":17664,"hostname":"Zelloxx","msg":"Node \"Lavalink\" debug: [player 1198625511706996757] voice: submitting voice update"}
{"level":20,"time":1706480478678,"pid":17664,"hostname":"Zelloxx","msg":"Node \"Lavalink\" debug: connection: lavaclient >>> voiceUpdate: {\"op\":\"voiceUpdate\",\"guildId\":\"1198625511706996757\",\"sessionId\":\"68dd1df13d69a6a6d41b9ba00b16d0b3\",\"event\":{\"token\":\"f121eb5a17f42c6d\",\"guild_id\":\"1198625511706996757\",\"endpoint\":\"milan4479.discord.media:443\"}}"}
{"level":20,"time":1706480479544,"pid":17664,"hostname":"Zelloxx","msg":"Node \"Lavalink\" debug: connection: lavaclient <<< playerUpdate: {\"state\":{\"time\":1706480524007,\"position\":0,\"connected\":true,\"ping\":0},\"guildId\":\"1198625511706996757\",\"op\":\"playerUpdate\"}"}
{"level":20,"time":1706480483605,"pid":17664,"hostname":"Zelloxx","msg":"Node \"Lavalink\" debug: connection: lavaclient <<< playerUpdate: {\"state\":{\"time\":1706480528067,\"position\":4120,\"connected\":true,\"ping\":0},\"guildId\":\"1198625511706996757\",\"op\":\"playerUpdate\"}"}
{"level":20,"time":1706480488606,"pid":17664,"hostname":"Zelloxx","msg":"Node \"Lavalink\" debug: connection: lavaclient <<< playerUpdate: {\"state\":{\"time\":1706480533067,\"position\":9120,\"connected\":true,\"ping\":0},\"guildId\":\"1198625511706996757\",\"op\":\"playerUpdate\"}"}
{"level":20,"time":1706480493606,"pid":17664,"hostname":"Zelloxx","msg":"Node \"Lavalink\" debug: connection: lavaclient <<< playerUpdate: {\"state\":{\"time\":1706480538069,\"position\":14120,\"connected\":true,\"ping\":168},\"guildId\":\"1198625511706996757\",\"op\":\"playerUpdate\"}"}
{"level":20,"time":1706480498607,"pid":17664,"hostname":"Zelloxx","msg":"Node \"Lavalink\" debug: connection: lavaclient <<< playerUpdate: {\"state\":{\"time\":1706480543069,\"position\":19120,\"connected\":true,\"ping\":168},\"guildId\":\"1198625511706996757\",\"op\":\"playerUpdate\"}"}
{"level":20,"time":1706480503607,"pid":17664,"hostname":"Zelloxx","msg":"Node \"Lavalink\" debug: connection: lavaclient <<< playerUpdate: {\"state\":{\"time\":1706480548069,\"position\":24120,\"connected\":true,\"ping\":168},\"guildId\":\"1198625511706996757\",\"op\":\"playerUpdate\"}"}
{"level":20,"time":1706480508607,"pid":17664,"hostname":"Zelloxx","msg":"Node \"Lavalink\" debug: connection: lavaclient <<< playerUpdate: {\"state\":{\"time\":1706480553070,\"position\":29120,\"connected\":true,\"ping\":170},\"guildId\":\"1198625511706996757\",\"op\":\"playerUpdate\"}"}
{"level":20,"time":1706480513608,"pid":17664,"hostname":"Zelloxx","msg":"Node \"Lavalink\" debug: connection: lavaclient <<< playerUpdate: {\"state\":{\"time\":1706480558070,\"position\":34120,\"connected\":true,\"ping\":170},\"guildId\":\"1198625511706996757\",\"op\":\"playerUpdate\"}"}
{"level":20,"time":1706480516223,"pid":17664,"hostname":"Zelloxx","msg":"Node \"Lavalink\" debug: connection: lavaclient <<< stats: {\"players\":30,\"playingPlayers\":5,\"uptime\":438768473,\"memory\":{\"free\":33961056,\"used\":93768608,\"allocated\":127729664,\"reservable\":127729664},\"cpu\":{\"cores\":1,\"systemLoad\":0.0196078431372549,\"lavalinkLoad\":0.04032258064516129},\"op\":\"stats\"}"}
{"level":20,"time":1706480518609,"pid":17664,"hostname":"Zelloxx","msg":"Node \"Lavalink\" debug: connection: lavaclient <<< playerUpdate: {\"state\":{\"time\":1706480563070,\"position\":39120,\"connected\":true,\"ping\":170},\"guildId\":\"1198625511706996757\",\"op\":\"playerUpdate\"}"}
{"level":20,"time":1706480523609,"pid":17664,"hostname":"Zelloxx","msg":"Node \"Lavalink\" debug: connection: lavaclient <<< playerUpdate: {\"state\":{\"time\":1706480568071,\"position\":44120,\"connected\":true,\"ping\":166},\"guildId\":\"1198625511706996757\",\"op\":\"playerUpdate\"}"}
{"level":20,"time":1706480528609,"pid":17664,"hostname":"Zelloxx","msg":"Node \"Lavalink\" debug: connection: lavaclient <<< playerUpdate: {\"state\":{\"time\":1706480573071,\"position\":49120,\"connected\":true,\"ping\":166},\"guildId\":\"1198625511706996757\",\"op\":\"playerUpdate\"}"}
{"level":20,"time":1706480533610,"pid":17664,"hostname":"Zelloxx","msg":"Node \"Lavalink\" debug: connection: lavaclient <<< playerUpdate: {\"state\":{\"time\":1706480578071,\"position\":54120,\"connected\":true,\"ping\":166},\"guildId\":\"1198625511706996757\",\"op\":\"playerUpdate\"}"}
{"level":20,"time":1706480538611,"pid":17664,"hostname":"Zelloxx","msg":"Node \"Lavalink\" debug: connection: lavaclient <<< playerUpdate: {\"state\":{\"time\":1706480583072,\"position\":59120,\"connected\":true,\"ping\":165},\"guildId\":\"1198625511706996757\",\"op\":\"playerUpdate\"}"}
{"level":20,"time":1706480543611,"pid":17664,"hostname":"Zelloxx","msg":"Node \"Lavalink\" debug: connection: lavaclient <<< playerUpdate: {\"state\":{\"time\":1706480588073,\"position\":64120,\"connected\":true,\"ping\":165},\"guildId\":\"1198625511706996757\",\"op\":\"playerUpdate\"}"}
{"level":20,"time":1706480548611,"pid":17664,"hostname":"Zelloxx","msg":"Node \"Lavalink\" debug: connection: lavaclient <<< playerUpdate: {\"state\":{\"time\":1706480593072,\"position\":69140,\"connected\":true,\"ping\":167},\"guildId\":\"1198625511706996757\",\"op\":\"playerUpdate\"}"}
{"level":20,"time":1706480553612,"pid":17664,"hostname":"Zelloxx","msg":"Node \"Lavalink\" debug: connection: lavaclient <<< playerUpdate: {\"state\":{\"time\":1706480598074,\"position\":74140,\"connected\":true,\"ping\":167},\"guildId\":\"1198625511706996757\",\"op\":\"playerUpdate\"}"}
{"level":20,"time":1706480558612,"pid":17664,"hostname":"Zelloxx","msg":"Node \"Lavalink\" debug: connection: lavaclient <<< playerUpdate: {\"state\":{\"time\":1706480603074,\"position\":79140,\"connected\":true,\"ping\":167},\"guildId\":\"1198625511706996757\",\"op\":\"playerUpdate\"}"}
{"level":20,"time":1706480563612,"pid":17664,"hostname":"Zelloxx","msg":"Node \"Lavalink\" debug: connection: lavaclient <<< playerUpdate: {\"state\":{\"time\":1706480608074,\"position\":84140,\"connected\":true,\"ping\":166},\"guildId\":\"1198625511706996757\",\"op\":\"playerUpdate\"}"}
{"level":20,"time":1706480568613,"pid":17664,"hostname":"Zelloxx","msg":"Node \"Lavalink\" debug: connection: lavaclient <<< playerUpdate: {\"state\":{\"time\":1706480613075,\"position\":89140,\"connected\":true,\"ping\":166},\"guildId\":\"1198625511706996757\",\"op\":\"playerUpdate\"}"}
{"level":20,"time":1706480573614,"pid":17664,"hostname":"Zelloxx","msg":"Node \"Lavalink\" debug: connection: lavaclient <<< playerUpdate: {\"state\":{\"time\":1706480618075,\"position\":94140,\"connected\":true,\"ping\":166},\"guildId\":\"1198625511706996757\",\"op\":\"playerUpdate\"}"}
{"level":20,"time":1706480576159,"pid":17664,"hostname":"Zelloxx","msg":"Node \"Lavalink\" debug: connection: lavaclient <<< stats: {\"players\":30,\"playingPlayers\":5,\"uptime\":438828478,\"memory\":{\"free\":5068600,\"used\":122661064,\"allocated\":127729664,\"reservable\":127729664},\"cpu\":{\"cores\":1,\"systemLoad\":0.07407407407407407,\"lavalinkLoad\":0.04032258064516129},\"op\":\"stats\"}"}
{"level":20,"time":1706480578614,"pid":17664,"hostname":"Zelloxx","msg":"Node \"Lavalink\" debug: connection: lavaclient <<< playerUpdate: {\"state\":{\"time\":1706480623075,\"position\":99140,\"connected\":true,\"ping\":169},\"guildId\":\"1198625511706996757\",\"op\":\"playerUpdate\"}"}
{"level":20,"time":1706480583615,"pid":17664,"hostname":"Zelloxx","msg":"Node \"Lavalink\" debug: connection: lavaclient <<< playerUpdate: {\"state\":{\"time\":1706480628076,\"position\":104140,\"connected\":true,\"ping\":169},\"guildId\":\"1198625511706996757\",\"op\":\"playerUpdate\"}"}
{"level":20,"time":1706480588615,"pid":17664,"hostname":"Zelloxx","msg":"Node \"Lavalink\" debug: connection: lavaclient <<< playerUpdate: {\"state\":{\"time\":1706480633076,\"position\":109140,\"connected\":true,\"ping\":169},\"guildId\":\"1198625511706996757\",\"op\":\"playerUpdate\"}"}
{"level":20,"time":1706480593616,"pid":17664,"hostname":"Zelloxx","msg":"Node \"Lavalink\" debug: connection: lavaclient <<< playerUpdate: {\"state\":{\"time\":1706480638076,\"position\":114140,\"connected\":true,\"ping\":165},\"guildId\":\"1198625511706996757\",\"op\":\"playerUpdate\"}"}
{"level":20,"time":1706480598616,"pid":17664,"hostname":"Zelloxx","msg":"Node \"Lavalink\" debug: connection: lavaclient <<< playerUpdate: {\"state\":{\"time\":1706480643077,\"position\":119140,\"connected\":true,\"ping\":165},\"guildId\":\"1198625511706996757\",\"op\":\"playerUpdate\"}"}
{"level":20,"time":1706480603615,"pid":17664,"hostname":"Zelloxx","msg":"Node \"Lavalink\" debug: connection: lavaclient <<< playerUpdate: {\"state\":{\"time\":1706480648077,\"position\":124140,\"connected\":true,\"ping\":166},\"guildId\":\"1198625511706996757\",\"op\":\"playerUpdate\"}"}
{"level":20,"time":1706480608615,"pid":17664,"hostname":"Zelloxx","msg":"Node \"Lavalink\" debug: connection: lavaclient <<< playerUpdate: {\"state\":{\"time\":1706480653077,\"position\":129140,\"connected\":true,\"ping\":166},\"guildId\":\"1198625511706996757\",\"op\":\"playerUpdate\"}"}
{"level":20,"time":1706480613617,"pid":17664,"hostname":"Zelloxx","msg":"Node \"Lavalink\" debug: connection: lavaclient <<< playerUpdate: {\"state\":{\"time\":1706480658079,\"position\":134140,\"connected\":true,\"ping\":166},\"guildId\":\"1198625511706996757\",\"op\":\"playerUpdate\"}"}
{"level":20,"time":1706480618617,"pid":17664,"hostname":"Zelloxx","msg":"Node \"Lavalink\" debug: connection: lavaclient <<< playerUpdate: {\"state\":{\"time\":1706480663079,\"position\":139140,\"connected\":true,\"ping\":166},\"guildId\":\"1198625511706996757\",\"op\":\"playerUpdate\"}"}
{"level":20,"time":1706480623617,"pid":17664,"hostname":"Zelloxx","msg":"Node \"Lavalink\" debug: connection: lavaclient <<< playerUpdate: {\"state\":{\"time\":1706480668079,\"position\":144140,\"connected\":true,\"ping\":166},\"guildId\":\"1198625511706996757\",\"op\":\"playerUpdate\"}"}
{"level":20,"time":1706480628618,"pid":17664,"hostname":"Zelloxx","msg":"Node \"Lavalink\" debug: connection: lavaclient <<< playerUpdate: {\"state\":{\"time\":1706480673080,\"position\":149140,\"connected\":true,\"ping\":166},\"guildId\":\"1198625511706996757\",\"op\":\"playerUpdate\"}"}
{"level":20,"time":1706480633620,"pid":17664,"hostname":"Zelloxx","msg":"Node \"Lavalink\" debug: connection: lavaclient <<< playerUpdate: {\"state\":{\"time\":1706480678080,\"position\":154140,\"connected\":true,\"ping\":166},\"guildId\":\"1198625511706996757\",\"op\":\"playerUpdate\"}"}
{"level":20,"time":1706480636164,"pid":17664,"hostname":"Zelloxx","msg":"Node \"Lavalink\" debug: connection: lavaclient <<< stats: {\"frameStats\":{\"sent\":3001,\"nulled\":0,\"deficit\":-1},\"players\":29,\"playingPlayers\":5,\"uptime\":438888483,\"memory\":{\"free\":7826752,\"used\":119902912,\"allocated\":127729664,\"reservable\":127729664},\"cpu\":{\"cores\":1,\"systemLoad\":0.05660377358490566,\"lavalinkLoad\":0.020161290322580645},\"op\":\"stats\"}"}
{"level":20,"time":1706480638619,"pid":17664,"hostname":"Zelloxx","msg":"Node \"Lavalink\" debug: connection: lavaclient <<< playerUpdate: {\"state\":{\"time\":1706480683080,\"position\":159140,\"connected\":true,\"ping\":166},\"guildId\":\"1198625511706996757\",\"op\":\"playerUpdate\"}"}
{"level":20,"time":1706480643619,"pid":17664,"hostname":"Zelloxx","msg":"Node \"Lavalink\" debug: connection: lavaclient <<< playerUpdate: {\"state\":{\"time\":1706480688081,\"position\":164140,\"connected\":true,\"ping\":166},\"guildId\":\"1198625511706996757\",\"op\":\"playerUpdate\"}"}
{"level":20,"time":1706480648621,"pid":17664,"hostname":"Zelloxx","msg":"Node \"Lavalink\" debug: connection: lavaclient <<< playerUpdate: {\"state\":{\"time\":1706480693081,\"position\":169140,\"connected\":true,\"ping\":165},\"guildId\":\"1198625511706996757\",\"op\":\"playerUpdate\"}"}
{"level":20,"time":1706480653620,"pid":17664,"hostname":"Zelloxx","msg":"Node \"Lavalink\" debug: connection: lavaclient <<< playerUpdate: {\"state\":{\"time\":1706480698081,\"position\":174140,\"connected\":true,\"ping\":165},\"guildId\":\"1198625511706996757\",\"op\":\"playerUpdate\"}"}
{"level":20,"time":1706480658621,"pid":17664,"hostname":"Zelloxx","msg":"Node \"Lavalink\" debug: connection: lavaclient <<< playerUpdate: {\"state\":{\"time\":1706480703083,\"position\":179140,\"connected\":true,\"ping\":165},\"guildId\":\"1198625511706996757\",\"op\":\"playerUpdate\"}"}
{"level":20,"time":1706480663621,"pid":17664,"hostname":"Zelloxx","msg":"Node \"Lavalink\" debug: connection: lavaclient <<< playerUpdate: {\"state\":{\"time\":1706480708082,\"position\":184140,\"connected\":true,\"ping\":165},\"guildId\":\"1198625511706996757\",\"op\":\"playerUpdate\"}"}
{"level":20,"time":1706480668622,"pid":17664,"hostname":"Zelloxx","msg":"Node \"Lavalink\" debug: connection: lavaclient <<< playerUpdate: {\"state\":{\"time\":1706480713082,\"position\":189140,\"connected\":true,\"ping\":165},\"guildId\":\"1198625511706996757\",\"op\":\"playerUpdate\"}"}
{"level":20,"time":1706480673623,"pid":17664,"hostname":"Zelloxx","msg":"Node \"Lavalink\" debug: connection: lavaclient <<< playerUpdate: {\"state\":{\"time\":1706480718084,\"position\":194140,\"connected\":true,\"ping\":166},\"guildId\":\"1198625511706996757\",\"op\":\"playerUpdate\"}"}
{"level":20,"time":1706480678623,"pid":17664,"hostname":"Zelloxx","msg":"Node \"Lavalink\" debug: connection: lavaclient <<< playerUpdate: {\"state\":{\"time\":1706480723084,\"position\":199140,\"connected\":true,\"ping\":166},\"guildId\":\"1198625511706996757\",\"op\":\"playerUpdate\"}"}
{"level":20,"time":1706480683623,"pid":17664,"hostname":"Zelloxx","msg":"Node \"Lavalink\" debug: connection: lavaclient <<< playerUpdate: {\"state\":{\"time\":1706480728084,\"position\":204140,\"connected\":true,\"ping\":166},\"guildId\":\"1198625511706996757\",\"op\":\"playerUpdate\"}"}
{"level":20,"time":1706480688735,"pid":17664,"hostname":"Zelloxx","msg":"Node \"Lavalink\" debug: connection: lavaclient <<< playerUpdate: {\"state\":{\"time\":1706480733085,\"position\":209140,\"connected\":true,\"ping\":166},\"guildId\":\"1198625511706996757\",\"op\":\"playerUpdate\"}"}
{"level":20,"time":1706480693624,"pid":17664,"hostname":"Zelloxx","msg":"Node \"Lavalink\" debug: connection: lavaclient <<< playerUpdate: {\"state\":{\"time\":1706480738085,\"position\":214140,\"connected\":true,\"ping\":166},\"guildId\":\"1198625511706996757\",\"op\":\"playerUpdate\"}"}
{"level":20,"time":1706480696169,"pid":17664,"hostname":"Zelloxx","msg":"Node \"Lavalink\" debug: connection: lavaclient <<< stats: {\"frameStats\":{\"sent\":3000,\"nulled\":0,\"deficit\":0},\"players\":29,\"playingPlayers\":5,\"uptime\":438948488,\"memory\":{\"free\":9813240,\"used\":117916424,\"allocated\":127729664,\"reservable\":127729664},\"cpu\":{\"cores\":1,\"systemLoad\":0.0,\"lavalinkLoad\":0.04032258064516129},\"op\":\"stats\"}"}
{"level":20,"time":1706480698624,"pid":17664,"hostname":"Zelloxx","msg":"Node \"Lavalink\" debug: connection: lavaclient <<< playerUpdate: {\"state\":{\"time\":1706480743085,\"position\":219140,\"connected\":true,\"ping\":166},\"guildId\":\"1198625511706996757\",\"op\":\"playerUpdate\"}"}
{"level":20,"time":1706480703626,"pid":17664,"hostname":"Zelloxx","msg":"Node \"Lavalink\" debug: connection: lavaclient <<< playerUpdate: {\"state\":{\"time\":1706480748086,\"position\":224140,\"connected\":true,\"ping\":166},\"guildId\":\"1198625511706996757\",\"op\":\"playerUpdate\"}"}
{"level":20,"time":1706480708625,"pid":17664,"hostname":"Zelloxx","msg":"Node \"Lavalink\" debug: connection: lavaclient <<< playerUpdate: {\"state\":{\"time\":1706480753086,\"position\":229140,\"connected\":true,\"ping\":166},\"guildId\":\"1198625511706996757\",\"op\":\"playerUpdate\"}"}
{"level":20,"time":1706480713626,"pid":17664,"hostname":"Zelloxx","msg":"Node \"Lavalink\" debug: connection: lavaclient <<< playerUpdate: {\"state\":{\"time\":1706480758086,\"position\":234140,\"connected\":true,\"ping\":165},\"guildId\":\"1198625511706996757\",\"op\":\"playerUpdate\"}"}
{"level":20,"time":1706480718626,"pid":17664,"hostname":"Zelloxx","msg":"Node \"Lavalink\" debug: connection: lavaclient <<< playerUpdate: {\"state\":{\"time\":1706480763087,\"position\":239140,\"connected\":true,\"ping\":165},\"guildId\":\"1198625511706996757\",\"op\":\"playerUpdate\"}"}
{"level":20,"time":1706480723627,"pid":17664,"hostname":"Zelloxx","msg":"Node \"Lavalink\" debug: connection: lavaclient <<< playerUpdate: {\"state\":{\"time\":1706480768087,\"position\":244140,\"connected\":true,\"ping\":165},\"guildId\":\"1198625511706996757\",\"op\":\"playerUpdate\"}"}
{"level":20,"time":1706480728627,"pid":17664,"hostname":"Zelloxx","msg":"Node \"Lavalink\" debug: connection: lavaclient <<< playerUpdate: {\"state\":{\"time\":1706480773087,\"position\":249140,\"connected\":true,\"ping\":166},\"guildId\":\"1198625511706996757\",\"op\":\"playerUpdate\"}"}
{"level":20,"time":1706480733628,"pid":17664,"hostname":"Zelloxx","msg":"Node \"Lavalink\" debug: connection: lavaclient <<< playerUpdate: {\"state\":{\"time\":1706480778089,\"position\":254140,\"connected\":true,\"ping\":166},\"guildId\":\"1198625511706996757\",\"op\":\"playerUpdate\"}"}
{"level":20,"time":1706480738628,"pid":17664,"hostname":"Zelloxx","msg":"Node \"Lavalink\" debug: connection: lavaclient <<< playerUpdate: {\"state\":{\"time\":1706480783089,\"position\":259140,\"connected\":true,\"ping\":166},\"guildId\":\"1198625511706996757\",\"op\":\"playerUpdate\"}"}
{"level":20,"time":1706480743629,"pid":17664,"hostname":"Zelloxx","msg":"Node \"Lavalink\" debug: connection: lavaclient <<< playerUpdate: {\"state\":{\"time\":1706480788089,\"position\":264140,\"connected\":true,\"ping\":168},\"guildId\":\"1198625511706996757\",\"op\":\"playerUpdate\"}"}
{"level":20,"time":1706480748629,"pid":17664,"hostname":"Zelloxx","msg":"Node \"Lavalink\" debug: connection: lavaclient <<< playerUpdate: {\"state\":{\"time\":1706480793090,\"position\":269140,\"connected\":true,\"ping\":168},\"guildId\":\"1198625511706996757\",\"op\":\"playerUpdate\"}"}
{"level":20,"time":1706480753629,"pid":17664,"hostname":"Zelloxx","msg":"Node \"Lavalink\" debug: connection: lavaclient <<< playerUpdate: {\"state\":{\"time\":1706480798090,\"position\":274140,\"connected\":true,\"ping\":168},\"guildId\":\"1198625511706996757\",\"op\":\"playerUpdate\"}"}
{"level":20,"time":1706480756174,"pid":17664,"hostname":"Zelloxx","msg":"Node \"Lavalink\" debug: connection: lavaclient <<< stats: {\"frameStats\":{\"sent\":3000,\"nulled\":0,\"deficit\":0},\"players\":29,\"playingPlayers\":5,\"uptime\":439008493,\"memory\":{\"free\":16089832,\"used\":111639832,\"allocated\":127729664,\"reservable\":127729664},\"cpu\":{\"cores\":1,\"systemLoad\":0.0,\"lavalinkLoad\":0.04032258064516129},\"op\":\"stats\"}"}
{"level":20,"time":1706480758630,"pid":17664,"hostname":"Zelloxx","msg":"Node \"Lavalink\" debug: connection: lavaclient <<< playerUpdate: {\"state\":{\"time\":1706480803090,\"position\":279140,\"connected\":true,\"ping\":168},\"guildId\":\"1198625511706996757\",\"op\":\"playerUpdate\"}"}
{"level":20,"time":1706480763630,"pid":17664,"hostname":"Zelloxx","msg":"Node \"Lavalink\" debug: connection: lavaclient <<< playerUpdate: {\"state\":{\"time\":1706480808091,\"position\":284140,\"connected\":true,\"ping\":168},\"guildId\":\"1198625511706996757\",\"op\":\"playerUpdate\"}"}
{"level":20,"time":1706480768631,"pid":17664,"hostname":"Zelloxx","msg":"Node \"Lavalink\" debug: connection: lavaclient <<< playerUpdate: {\"state\":{\"time\":1706480813091,\"position\":289140,\"connected\":true,\"ping\":165},\"guildId\":\"1198625511706996757\",\"op\":\"playerUpdate\"}"}
{"level":20,"time":1706480773631,"pid":17664,"hostname":"Zelloxx","msg":"Node \"Lavalink\" debug: connection: lavaclient <<< playerUpdate: {\"state\":{\"time\":1706480818091,\"position\":294140,\"connected\":true,\"ping\":165},\"guildId\":\"1198625511706996757\",\"op\":\"playerUpdate\"}"}
{"level":20,"time":1706480778631,"pid":17664,"hostname":"Zelloxx","msg":"Node \"Lavalink\" debug: connection: lavaclient <<< playerUpdate: {\"state\":{\"time\":1706480823093,\"position\":299140,\"connected\":true,\"ping\":165},\"guildId\":\"1198625511706996757\",\"op\":\"playerUpdate\"}"}
{"level":20,"time":1706480783632,"pid":17664,"hostname":"Zelloxx","msg":"Node \"Lavalink\" debug: connection: lavaclient <<< playerUpdate: {\"state\":{\"time\":1706480828093,\"position\":304140,\"connected\":true,\"ping\":166},\"guildId\":\"1198625511706996757\",\"op\":\"playerUpdate\"}"}
{"level":20,"time":1706480788632,"pid":17664,"hostname":"Zelloxx","msg":"Node \"Lavalink\" debug: connection: lavaclient <<< playerUpdate: {\"state\":{\"time\":1706480833092,\"position\":309140,\"connected\":true,\"ping\":166},\"guildId\":\"1198625511706996757\",\"op\":\"playerUpdate\"}"}
{"level":20,"time":1706480793677,"pid":17664,"hostname":"Zelloxx","msg":"Node \"Lavalink\" debug: connection: lavaclient <<< playerUpdate: {\"state\":{\"time\":1706480838094,\"position\":314140,\"connected\":true,\"ping\":166},\"guildId\":\"1198625511706996757\",\"op\":\"playerUpdate\"}"}
{"level":20,"time":1706480798633,"pid":17664,"hostname":"Zelloxx","msg":"Node \"Lavalink\" debug: connection: lavaclient <<< playerUpdate: {\"state\":{\"time\":1706480843094,\"position\":319140,\"connected\":true,\"ping\":166},\"guildId\":\"1198625511706996757\",\"op\":\"playerUpdate\"}"}
{"level":20,"time":1706480803634,"pid":17664,"hostname":"Zelloxx","msg":"Node \"Lavalink\" debug: connection: lavaclient <<< playerUpdate: {\"state\":{\"time\":1706480848094,\"position\":324140,\"connected\":true,\"ping\":166},\"guildId\":\"1198625511706996757\",\"op\":\"playerUpdate\"}"}
{"level":20,"time":1706480808634,"pid":17664,"hostname":"Zelloxx","msg":"Node \"Lavalink\" debug: connection: lavaclient <<< playerUpdate: {\"state\":{\"time\":1706480853095,\"position\":329140,\"connected\":true,\"ping\":166},\"guildId\":\"1198625511706996757\",\"op\":\"playerUpdate\"}"}
{"level":20,"time":1706480813635,"pid":17664,"hostname":"Zelloxx","msg":"Node \"Lavalink\" debug: connection: lavaclient <<< playerUpdate: {\"state\":{\"time\":1706480858095,\"position\":334140,\"connected\":true,\"ping\":167},\"guildId\":\"1198625511706996757\",\"op\":\"playerUpdate\"}"}
{"level":20,"time":1706480816180,"pid":17664,"hostname":"Zelloxx","msg":"Node \"Lavalink\" debug: connection: lavaclient <<< stats: {\"frameStats\":{\"sent\":3000,\"nulled\":0,\"deficit\":0},\"players\":29,\"playingPlayers\":5,\"uptime\":439068498,\"memory\":{\"free\":22491080,\"used\":105238584,\"allocated\":127729664,\"reservable\":127729664},\"cpu\":{\"cores\":1,\"systemLoad\":0.057692307692307696,\"lavalinkLoad\":0.02012072434607646},\"op\":\"stats\"}"}
{"level":20,"time":1706480818635,"pid":17664,"hostname":"Zelloxx","msg":"Node \"Lavalink\" debug: connection: lavaclient <<< playerUpdate: {\"state\":{\"time\":1706480863095,\"position\":339140,\"connected\":true,\"ping\":167},\"guildId\":\"1198625511706996757\",\"op\":\"playerUpdate\"}"}
{"level":20,"time":1706480823635,"pid":17664,"hostname":"Zelloxx","msg":"Node \"Lavalink\" debug: connection: lavaclient <<< playerUpdate: {\"state\":{\"time\":1706480868096,\"position\":344140,\"connected\":true,\"ping\":168},\"guildId\":\"1198625511706996757\",\"op\":\"playerUpdate\"}"}
{"level":20,"time":1706480828636,"pid":17664,"hostname":"Zelloxx","msg":"Node \"Lavalink\" debug: connection: lavaclient <<< playerUpdate: {\"state\":{\"time\":1706480873096,\"position\":349140,\"connected\":true,\"ping\":168},\"guildId\":\"1198625511706996757\",\"op\":\"playerUpdate\"}"}
{"level":20,"time":1706480833636,"pid":17664,"hostname":"Zelloxx","msg":"Node \"Lavalink\" debug: connection: lavaclient <<< playerUpdate: {\"state\":{\"time\":1706480878096,\"position\":354140,\"connected\":true,\"ping\":168},\"guildId\":\"1198625511706996757\",\"op\":\"playerUpdate\"}"}
{"level":20,"time":1706480838636,"pid":17664,"hostname":"Zelloxx","msg":"Node \"Lavalink\" debug: connection: lavaclient <<< playerUpdate: {\"state\":{\"time\":1706480883098,\"position\":359140,\"connected\":true,\"ping\":167},\"guildId\":\"1198625511706996757\",\"op\":\"playerUpdate\"}"}
{"level":20,"time":1706480843636,"pid":17664,"hostname":"Zelloxx","msg":"Node \"Lavalink\" debug: connection: lavaclient <<< playerUpdate: {\"state\":{\"time\":1706480888098,\"position\":364140,\"connected\":true,\"ping\":167},\"guildId\":\"1198625511706996757\",\"op\":\"playerUpdate\"}"}
{"level":20,"time":1706480848637,"pid":17664,"hostname":"Zelloxx","msg":"Node \"Lavalink\" debug: connection: lavaclient <<< playerUpdate: {\"state\":{\"time\":1706480893098,\"position\":369140,\"connected\":true,\"ping\":167},\"guildId\":\"1198625511706996757\",\"op\":\"playerUpdate\"}"}
{"level":20,"time":1706480853638,"pid":17664,"hostname":"Zelloxx","msg":"Node \"Lavalink\" debug: connection: lavaclient <<< playerUpdate: {\"state\":{\"time\":1706480898099,\"position\":374140,\"connected\":true,\"ping\":169},\"guildId\":\"1198625511706996757\",\"op\":\"playerUpdate\"}"}
{"level":20,"time":1706480858639,"pid":17664,"hostname":"Zelloxx","msg":"Node \"Lavalink\" debug: connection: lavaclient <<< playerUpdate: {\"state\":{\"time\":1706480903099,\"position\":379140,\"connected\":true,\"ping\":169},\"guildId\":\"1198625511706996757\",\"op\":\"playerUpdate\"}"}
{"level":20,"time":1706480863639,"pid":17664,"hostname":"Zelloxx","msg":"Node \"Lavalink\" debug: connection: lavaclient <<< playerUpdate: {\"state\":{\"time\":1706480908099,\"position\":384140,\"connected\":true,\"ping\":169},\"guildId\":\"1198625511706996757\",\"op\":\"playerUpdate\"}"}
{"level":20,"time":1706480868639,"pid":17664,"hostname":"Zelloxx","msg":"Node \"Lavalink\" debug: connection: lavaclient <<< playerUpdate: {\"state\":{\"time\":1706480913100,\"position\":389140,\"connected\":true,\"ping\":166},\"guildId\":\"1198625511706996757\",\"op\":\"playerUpdate\"}"}
{"level":20,"time":1706480871133,"pid":17664,"hostname":"Zelloxx","msg":"Node \"Lavalink\" debug: connection: lavaclient >>> destroy: {\"op\":\"destroy\",\"guildId\":\"1198625511706996757\"}"}
{"level":20,"time":1706480871133,"pid":17664,"hostname":"Zelloxx","msg":"Node \"Lavalink\" debug: [player 1198625511706996757] voice: updating voice status in guild=1198625511706996757, channel=1199108843817418792"}
{"level":20,"time":1706480871134,"pid":17664,"hostname":"Zelloxx","msg":"Node \"Lavalink\" debug: connection: lavaclient <<< event: {\"encodedTrack\":\"QAAAyAIAYExlIENsYXNzaWNvIG9yZ2FuaXPDqSAtIEtvYmEgTGFEIC8gSnVMIC8gUExLLyBTQ0gvIEdhem8gLyBTb3NvIE1hbmVzcyAvIEtvZnMgLyBHdXkyYmV6YmFyIC8gTmFwcwAORE9SRVRERVBMQVRJTkUAAAAAAAX7QAALcUU1ZmtqQ213Y28AAQAraHR0cHM6Ly93d3cueW91dHViZS5jb20vd2F0Y2g/dj1xRTVma2pDbXdjbwAHeW91dHViZQAAAAAABfnE\",\"track\":\"QAAAyAIAYExlIENsYXNzaWNvIG9yZ2FuaXPDqSAtIEtvYmEgTGFEIC8gSnVMIC8gUExLLyBTQ0gvIEdhem8gLyBTb3NvIE1hbmVzcyAvIEtvZnMgLyBHdXkyYmV6YmFyIC8gTmFwcwAORE9SRVRERVBMQVRJTkUAAAAAAAX7QAALcUU1ZmtqQ213Y28AAQAraHR0cHM6Ly93d3cueW91dHViZS5jb20vd2F0Y2g/dj1xRTVma2pDbXdjbwAHeW91dHViZQAAAAAABfnE\",\"reason\":\"FINISHED\",\"guildId\":\"1198625511706996757\",\"op\":\"event\",\"type\":\"TrackEndEvent\"}"}
{"level":20,"time":1706480871300,"pid":17664,"hostname":"Zelloxx","msg":"Node \"Lavalink\" debug: connection: lavaclient <<< event: {\"code\":1000,\"reason\":\"\",\"byRemote\":false,\"guildId\":\"1198625511706996757\",\"op\":\"event\",\"type\":\"WebSocketClosedEvent\"}"}
{"level":20,"time":1706480871300,"pid":17664,"hostname":"Zelloxx","msg":"Node \"Lavalink\" debug: connection: lavaclient <<< playerUpdate: {\"state\":{\"time\":1706480915761,\"position\":0,\"connected\":false,\"ping\":-1},\"guildId\":\"1198625511706996757\",\"op\":\"playerUpdate\"}"}
{"level":20,"time":1706480876185,"pid":17664,"hostname":"Zelloxx","msg":"Node \"Lavalink\" debug: connection: lavaclient <<< stats: {\"players\":29,\"playingPlayers\":4,\"uptime\":439128503,\"memory\":{\"free\":12194296,\"used\":115535368,\"allocated\":127729664,\"reservable\":127729664},\"cpu\":{\"cores\":1,\"systemLoad\":0.038461538461538464,\"lavalinkLoad\":0.020161290322580645},\"op\":\"stats\"}"}
{"level":20,"time":1706480936190,"pid":17664,"hostname":"Zelloxx","msg":"Node \"Lavalink\" debug: connection: lavaclient <<< stats: {\"players\":29,\"playingPlayers\":4,\"uptime\":439188508,\"memory\":{\"free\":20709632,\"used\":107020032,\"allocated\":127729664,\"reservable\":127729664},\"cpu\":{\"cores\":1,\"systemLoad\":0.0196078431372549,\"lavalinkLoad\":0.020161290322580645},\"op\":\"stats\"}"}
{"level":20,"time":1706480996195,"pid":17664,"hostname":"Zelloxx","msg":"Node \"Lavalink\" debug: connection: lavaclient <<< stats: {\"players\":28,\"playingPlayers\":4,\"uptime\":439248513,\"memory\":{\"free\":28716728,\"used\":99012936,\"allocated\":127729664,\"reservable\":127729664},\"cpu\":{\"cores\":1,\"systemLoad\":0.0,\"lavalinkLoad\":0.04032258064516129},\"op\":\"stats\"}"}
{"level":20,"time":1706481056201,"pid":17664,"hostname":"Zelloxx","msg":"Node \"Lavalink\" debug: connection: lavaclient <<< stats: {\"players\":28,\"playingPlayers\":5,\"uptime\":439308518,\"memory\":{\"free\":29820744,\"used\":97908920,\"allocated\":127729664,\"reservable\":127729664},\"cpu\":{\"cores\":1,\"systemLoad\":0.07407407407407407,\"lavalinkLoad\":0.04032258064516129},\"op\":\"stats\"}"}
{"level":20,"time":1706481116206,"pid":17664,"hostname":"Zelloxx","msg":"Node \"Lavalink\" debug: connection: lavaclient <<< stats: {\"players\":29,\"playingPlayers\":6,\"uptime\":439368523,\"memory\":{\"free\":27981184,\"used\":99748480,\"allocated\":127729664,\"reservable\":127729664},\"cpu\":{\"cores\":1,\"systemLoad\":0.0392156862745098,\"lavalinkLoad\":0.06048387096774194},\"op\":\"stats\"}"}
{"level":20,"time":1706481176211,"pid":17664,"hostname":"Zelloxx","msg":"Node \"Lavalink\" debug: connection: lavaclient <<< stats: {\"players\":29,\"playingPlayers\":6,\"uptime\":439428528,\"memory\":{\"free\":29823792,\"used\":97905872,\"allocated\":127729664,\"reservable\":127729664},\"cpu\":{\"cores\":1,\"systemLoad\":0.07692307692307693,\"lavalinkLoad\":0.06048387096774194},\"op\":\"stats\"}"}
{"level":20,"time":1706481236217,"pid":17664,"hostname":"Zelloxx","msg":"Node \"Lavalink\" debug: connection: lavaclient <<< stats: {\"players\":29,\"playingPlayers\":6,\"uptime\":439488533,\"memory\":{\"free\":34241696,\"used\":93487968,\"allocated\":127729664,\"reservable\":127729664},\"cpu\":{\"cores\":1,\"systemLoad\":0.08,\"lavalinkLoad\":0.10080645161290322},\"op\":\"stats\"}"}
{"level":20,"time":1706481296222,"pid":17664,"hostname":"Zelloxx","msg":"Node \"Lavalink\" debug: connection: lavaclient <<< stats: {\"players\":29,\"playingPlayers\":4,\"uptime\":439548538,\"memory\":{\"free\":7869648,\"used\":119860016,\"allocated\":127729664,\"reservable\":127729664},\"cpu\":{\"cores\":1,\"systemLoad\":0.05660377358490566,\"lavalinkLoad\":0.04032258064516129},\"op\":\"stats\"}"}
{"level":20,"time":1706481356227,"pid":17664,"hostname":"Zelloxx","msg":"Node \"Lavalink\" debug: connection: lavaclient <<< stats: {\"players\":28,\"playingPlayers\":4,\"uptime\":439608543,\"memory\":{\"free\":20949080,\"used\":106780584,\"allocated\":127729664,\"reservable\":127729664},\"cpu\":{\"cores\":1,\"systemLoad\":0.0196078431372549,\"lavalinkLoad\":0.04032258064516129},\"op\":\"stats\"}"}
{"level":20,"time":1706481416232,"pid":17664,"hostname":"Zelloxx","msg":"Node \"Lavalink\" debug: connection: lavaclient <<< stats: {\"players\":28,\"playingPlayers\":4,\"uptime\":439668548,\"memory\":{\"free\":29569696,\"used\":98159968,\"allocated\":127729664,\"reservable\":127729664},\"cpu\":{\"cores\":1,\"systemLoad\":0.0,\"lavalinkLoad\":0.020161290322580645},\"op\":\"stats\"}"}
{"level":20,"time":1706481476238,"pid":17664,"hostname":"Zelloxx","msg":"Node \"Lavalink\" debug: connection: lavaclient <<< stats: {\"players\":28,\"playingPlayers\":4,\"uptime\":439728553,\"memory\":{\"free\":7964656,\"used\":119765008,\"allocated\":127729664,\"reservable\":127729664},\"cpu\":{\"cores\":1,\"systemLoad\":0.0196078431372549,\"lavalinkLoad\":0.020161290322580645},\"op\":\"stats\"}"}
{"level":20,"time":1706481536266,"pid":17664,"hostname":"Zelloxx","msg":"Node \"Lavalink\" debug: connection: lavaclient <<< stats: {\"players\":28,\"playingPlayers\":4,\"uptime\":439788558,\"memory\":{\"free\":16562560,\"used\":111167104,\"allocated\":127729664,\"reservable\":127729664},\"cpu\":{\"cores\":1,\"systemLoad\":0.07407407407407407,\"lavalinkLoad\":0.04032258064516129},\"op\":\"stats\"}"}
{"level":20,"time":1706481596248,"pid":17664,"hostname":"Zelloxx","msg":"Node \"Lavalink\" debug: connection: lavaclient <<< stats: {\"players\":28,\"playingPlayers\":4,\"uptime\":439848563,\"memory\":{\"free\":24718848,\"used\":103010816,\"allocated\":127729664,\"reservable\":127729664},\"cpu\":{\"cores\":1,\"systemLoad\":0.0,\"lavalinkLoad\":0.020161290322580645},\"op\":\"stats\"}"}
{"level":20,"time":1706481656253,"pid":17664,"hostname":"Zelloxx","msg":"Node \"Lavalink\" debug: connection: lavaclient <<< stats: {\"players\":28,\"playingPlayers\":4,\"uptime\":439908568,\"memory\":{\"free\":36294480,\"used\":91435184,\"allocated\":127729664,\"reservable\":127729664},\"cpu\":{\"cores\":1,\"systemLoad\":0.038461538461538464,\"lavalinkLoad\":0.04032258064516129},\"op\":\"stats\"}"}
{"level":20,"time":1706481716259,"pid":17664,"hostname":"Zelloxx","msg":"Node \"Lavalink\" debug: connection: lavaclient <<< stats: {\"players\":28,\"playingPlayers\":4,\"uptime\":439968573,\"memory\":{\"free\":11382496,\"used\":116347168,\"allocated\":127729664,\"reservable\":127729664},\"cpu\":{\"cores\":1,\"systemLoad\":0.0392156862745098,\"lavalinkLoad\":0.020161290322580645},\"op\":\"stats\"}"}
{"level":20,"time":1706481776264,"pid":17664,"hostname":"Zelloxx","msg":"Node \"Lavalink\" debug: connection: lavaclient <<< stats: {\"players\":28,\"playingPlayers\":4,\"uptime\":440028578,\"memory\":{\"free\":21154832,\"used\":106574832,\"allocated\":127729664,\"reservable\":127729664},\"cpu\":{\"cores\":1,\"systemLoad\":0.05660377358490566,\"lavalinkLoad\":0.020161290322580645},\"op\":\"stats\"}"}
{"level":20,"time":1706481836269,"pid":17664,"hostname":"Zelloxx","msg":"Node \"Lavalink\" debug: connection: lavaclient <<< stats: {\"players\":28,\"playingPlayers\":4,\"uptime\":440088583,\"memory\":{\"free\":26132456,\"used\":101597208,\"allocated\":127729664,\"reservable\":127729664},\"cpu\":{\"cores\":1,\"systemLoad\":0.0196078431372549,\"lavalinkLoad\":0.020161290322580645},\"op\":\"stats\"}"}
{"level":20,"time":1706481896274,"pid":17664,"hostname":"Zelloxx","msg":"Node \"Lavalink\" debug: connection: lavaclient <<< stats: {\"players\":27,\"playingPlayers\":4,\"uptime\":440148588,\"memory\":{\"free\":36746680,\"used\":90982984,\"allocated\":127729664,\"reservable\":127729664},\"cpu\":{\"cores\":1,\"systemLoad\":0.0196078431372549,\"lavalinkLoad\":0.020161290322580645},\"op\":\"stats\"}"}
{"level":20,"time":1706481956281,"pid":17664,"hostname":"Zelloxx","msg":"Node \"Lavalink\" debug: connection: lavaclient <<< stats: {\"players\":27,\"playingPlayers\":4,\"uptime\":440208594,\"memory\":{\"free\":14307128,\"used\":113422536,\"allocated\":127729664,\"reservable\":127729664},\"cpu\":{\"cores\":1,\"systemLoad\":0.05660377358490566,\"lavalinkLoad\":0.020161290322580645},\"op\":\"stats\"}"}
{"level":20,"time":1706482016285,"pid":17664,"hostname":"Zelloxx","msg":"Node \"Lavalink\" debug: connection: lavaclient <<< stats: {\"players\":27,\"playingPlayers\":4,\"uptime\":440268598,\"memory\":{\"free\":26968592,\"used\":100761072,\"allocated\":127729664,\"reservable\":127729664},\"cpu\":{\"cores\":1,\"systemLoad\":0.05660377358490566,\"lavalinkLoad\":0.020161290322580645},\"op\":\"stats\"}"}
{"level":20,"time":1706482076291,"pid":17664,"hostname":"Zelloxx","msg":"Node \"Lavalink\" debug: connection: lavaclient <<< stats: {\"players\":27,\"playingPlayers\":4,\"uptime\":440328603,\"memory\":{\"free\":5782528,\"used\":121947136,\"allocated\":127729664,\"reservable\":127729664},\"cpu\":{\"cores\":1,\"systemLoad\":0.0,\"lavalinkLoad\":0.04032258064516129},\"op\":\"stats\"}"}
{"level":20,"time":1706482136297,"pid":17664,"hostname":"Zelloxx","msg":"Node \"Lavalink\" debug: connection: lavaclient <<< stats: {\"players\":27,\"playingPlayers\":4,\"uptime\":440388608,\"memory\":{\"free\":14237536,\"used\":113492128,\"allocated\":127729664,\"reservable\":127729664},\"cpu\":{\"cores\":1,\"systemLoad\":0.09615384615384616,\"lavalinkLoad\":0.08064516129032258},\"op\":\"stats\"}"}
{"level":20,"time":1706482196301,"pid":17664,"hostname":"Zelloxx","msg":"Node \"Lavalink\" debug: connection: lavaclient <<< stats: {\"players\":27,\"playingPlayers\":4,\"uptime\":440448613,\"memory\":{\"free\":24045488,\"used\":103684176,\"allocated\":127729664,\"reservable\":127729664},\"cpu\":{\"cores\":1,\"systemLoad\":0.057692307692307696,\"lavalinkLoad\":0.04032258064516129},\"op\":\"stats\"}"}
{"level":20,"time":1706482256306,"pid":17664,"hostname":"Zelloxx","msg":"Node \"Lavalink\" debug: connection: lavaclient <<< stats: {\"players\":27,\"playingPlayers\":4,\"uptime\":440508618,\"memory\":{\"free\":37122920,\"used\":90606744,\"allocated\":127729664,\"reservable\":127729664},\"cpu\":{\"cores\":1,\"systemLoad\":0.07407407407407407,\"lavalinkLoad\":0.020161290322580645},\"op\":\"stats\"}"}
{"level":20,"time":1706482316313,"pid":17664,"hostname":"Zelloxx","msg":"Node \"Lavalink\" debug: connection: lavaclient <<< stats: {\"players\":28,\"playingPlayers\":5,\"uptime\":440568624,\"memory\":{\"free\":3607824,\"used\":124121840,\"allocated\":127729664,\"reservable\":127729664},\"cpu\":{\"cores\":1,\"systemLoad\":0.038461538461538464,\"lavalinkLoad\":0.020161290322580645},\"op\":\"stats\"}"}
{"level":20,"time":1706482376316,"pid":17664,"hostname":"Zelloxx","msg":"Node \"Lavalink\" debug: connection: lavaclient <<< stats: {\"players\":28,\"playingPlayers\":5,\"uptime\":440628629,\"memory\":{\"free\":12215664,\"used\":115514000,\"allocated\":127729664,\"reservable\":127729664},\"cpu\":{\"cores\":1,\"systemLoad\":0.0392156862745098,\"lavalinkLoad\":0.04032258064516129},\"op\":\"stats\"}"}
{"level":20,"time":1706482436322,"pid":17664,"hostname":"Zelloxx","msg":"Node \"Lavalink\" debug: connection: lavaclient <<< stats: {\"players\":27,\"playingPlayers\":3,\"uptime\":440688634,\"memory\":{\"free\":27470552,\"used\":100259112,\"allocated\":127729664,\"reservable\":127729664},\"cpu\":{\"cores\":1,\"systemLoad\":0.0196078431372549,\"lavalinkLoad\":0.020161290322580645},\"op\":\"stats\"}"}
{"level":20,"time":1706482496327,"pid":17664,"hostname":"Zelloxx","msg":"Node \"Lavalink\" debug: connection: lavaclient <<< stats: {\"players\":29,\"playingPlayers\":5,\"uptime\":440748639,\"memory\":{\"free\":17138528,\"used\":110591136,\"allocated\":127729664,\"reservable\":127729664},\"cpu\":{\"cores\":1,\"systemLoad\":0.25,\"lavalinkLoad\":0.06048387096774194},\"op\":\"stats\"}"}
{"level":20,"time":1706482556332,"pid":17664,"hostname":"Zelloxx","msg":"Node \"Lavalink\" debug: connection: lavaclient <<< stats: {\"players\":29,\"playingPlayers\":5,\"uptime\":440808644,\"memory\":{\"free\":31399336,\"used\":96330328,\"allocated\":127729664,\"reservable\":127729664},\"cpu\":{\"cores\":1,\"systemLoad\":0.05660377358490566,\"lavalinkLoad\":0.020161290322580645},\"op\":\"stats\"}"}
{"level":20,"time":1706482616338,"pid":17664,"hostname":"Zelloxx","msg":"Node \"Lavalink\" debug: connection: lavaclient <<< stats: {\"players\":29,\"playingPlayers\":5,\"uptime\":440868649,\"memory\":{\"free\":33976432,\"used\":93753232,\"allocated\":127729664,\"reservable\":127729664},\"cpu\":{\"cores\":1,\"systemLoad\":0.057692307692307696,\"lavalinkLoad\":0.04032258064516129},\"op\":\"stats\"}"}
{"level":20,"time":1706482676343,"pid":17664,"hostname":"Zelloxx","msg":"Node \"Lavalink\" debug: connection: lavaclient <<< stats: {\"players\":28,\"playingPlayers\":4,\"uptime\":440928654,\"memory\":{\"free\":46342976,\"used\":81386688,\"allocated\":127729664,\"reservable\":127729664},\"cpu\":{\"cores\":1,\"systemLoad\":0.057692307692307696,\"lavalinkLoad\":0.020161290322580645},\"op\":\"stats\"}"}
{"level":20,"time":1706482736348,"pid":17664,"hostname":"Zelloxx","msg":"Node \"Lavalink\" debug: connection: lavaclient <<< stats: {\"players\":28,\"playingPlayers\":4,\"uptime\":440988659,\"memory\":{\"free\":23496840,\"used\":104232824,\"allocated\":127729664,\"reservable\":127729664},\"cpu\":{\"cores\":1,\"systemLoad\":0.038461538461538464,\"lavalinkLoad\":0.020161290322580645},\"op\":\"stats\"}"}
{"level":20,"time":1706482796354,"pid":17664,"hostname":"Zelloxx","msg":"Node \"Lavalink\" debug: connection: lavaclient <<< stats: {\"players\":28,\"playingPlayers\":4,\"uptime\":441048664,\"memory\":{\"free\":36777888,\"used\":90951776,\"allocated\":127729664,\"reservable\":127729664},\"cpu\":{\"cores\":1,\"systemLoad\":0.0196078431372549,\"lavalinkLoad\":0.04032258064516129},\"op\":\"stats\"}"}
{"level":20,"time":1706482856358,"pid":17664,"hostname":"Zelloxx","msg":"Node \"Lavalink\" debug: connection: lavaclient <<< stats: {\"players\":29,\"playingPlayers\":5,\"uptime\":441108669,\"memory\":{\"free\":32573592,\"used\":95156072,\"allocated\":127729664,\"reservable\":127729664},\"cpu\":{\"cores\":1,\"systemLoad\":0.02,\"lavalinkLoad\":0.06048387096774194},\"op\":\"stats\"}"}
{"level":20,"time":1706482916364,"pid":17664,"hostname":"Zelloxx","msg":"Node \"Lavalink\" debug: connection: lavaclient <<< stats: {\"players\":29,\"playingPlayers\":5,\"uptime\":441168674,\"memory\":{\"free\":37643648,\"used\":90086016,\"allocated\":127729664,\"reservable\":127729664},\"cpu\":{\"cores\":1,\"systemLoad\":0.1694915254237288,\"lavalinkLoad\":0.06048387096774194},\"op\":\"stats\"}"}
{"level":20,"time":1706482976368,"pid":17664,"hostname":"Zelloxx","msg":"Node \"Lavalink\" debug: connection: lavaclient <<< stats: {\"players\":28,\"playingPlayers\":4,\"uptime\":441228679,\"memory\":{\"free\":43005808,\"used\":84723856,\"allocated\":127729664,\"reservable\":127729664},\"cpu\":{\"cores\":1,\"systemLoad\":0.057692307692307696,\"lavalinkLoad\":0.04032258064516129},\"op\":\"stats\"}"}
{"level":20,"time":1706483036374,"pid":17664,"hostname":"Zelloxx","msg":"Node \"Lavalink\" debug: connection: lavaclient <<< stats: {\"players\":28,\"playingPlayers\":4,\"uptime\":441288684,\"memory\":{\"free\":19742320,\"used\":107987344,\"allocated\":127729664,\"reservable\":127729664},\"cpu\":{\"cores\":1,\"systemLoad\":0.019230769230769232,\"lavalinkLoad\":0.020161290322580645},\"op\":\"stats\"}"}
{"level":20,"time":1706483096379,"pid":17664,"hostname":"Zelloxx","msg":"Node \"Lavalink\" debug: connection: lavaclient <<< stats: {\"players\":28,\"playingPlayers\":4,\"uptime\":441348689,\"memory\":{\"free\":30554600,\"used\":97175064,\"allocated\":127729664,\"reservable\":127729664},\"cpu\":{\"cores\":1,\"systemLoad\":0.0196078431372549,\"lavalinkLoad\":0.0},\"op\":\"stats\"}"}
{"level":20,"time":1706483156384,"pid":17664,"hostname":"Zelloxx","msg":"Node \"Lavalink\" debug: connection: lavaclient <<< stats: {\"players\":28,\"playingPlayers\":4,\"uptime\":441408694,\"memory\":{\"free\":43160864,\"used\":84568800,\"allocated\":127729664,\"reservable\":127729664},\"cpu\":{\"cores\":1,\"systemLoad\":0.038461538461538464,\"lavalinkLoad\":0.0},\"op\":\"stats\"}"}
{"level":20,"time":1706483216390,"pid":17664,"hostname":"Zelloxx","msg":"Node \"Lavalink\" debug: connection: lavaclient <<< stats: {\"players\":28,\"playingPlayers\":4,\"uptime\":441468699,\"memory\":{\"free\":49031832,\"used\":78697832,\"allocated\":127729664,\"reservable\":127729664},\"cpu\":{\"cores\":1,\"systemLoad\":0.07692307692307693,\"lavalinkLoad\":0.06048387096774194},\"op\":\"stats\"}"}
{"level":20,"time":1706483276398,"pid":17664,"hostname":"Zelloxx","msg":"Node \"Lavalink\" debug: connection: lavaclient <<< stats: {\"players\":28,\"playingPlayers\":3,\"uptime\":441528704,\"memory\":{\"free\":29945944,\"used\":97783720,\"allocated\":127729664,\"reservable\":127729664},\"cpu\":{\"cores\":1,\"systemLoad\":0.019230769230769232,\"lavalinkLoad\":0.020161290322580645},\"op\":\"stats\"}"}
{"level":20,"time":1706483336444,"pid":17664,"hostname":"Zelloxx","msg":"Node \"Lavalink\" debug: connection: lavaclient <<< stats: {\"players\":27,\"playingPlayers\":3,\"uptime\":441588709,\"memory\":{\"free\":47757824,\"used\":79971840,\"allocated\":127729664,\"reservable\":127729664},\"cpu\":{\"cores\":1,\"systemLoad\":0.019230769230769232,\"lavalinkLoad\":0.020161290322580645},\"op\":\"stats\"}"}
{"level":20,"time":1706483396406,"pid":17664,"hostname":"Zelloxx","msg":"Node \"Lavalink\" debug: connection: lavaclient <<< stats: {\"players\":27,\"playingPlayers\":3,\"uptime\":441648714,\"memory\":{\"free\":28723928,\"used\":99005736,\"allocated\":127729664,\"reservable\":127729664},\"cpu\":{\"cores\":1,\"systemLoad\":0.07272727272727272,\"lavalinkLoad\":0.02012072434607646},\"op\":\"stats\"}"}
{"level":20,"time":1706483456411,"pid":17664,"hostname":"Zelloxx","msg":"Node \"Lavalink\" debug: connection: lavaclient <<< stats: {\"players\":27,\"playingPlayers\":3,\"uptime\":441708719,\"memory\":{\"free\":44696640,\"used\":83033024,\"allocated\":127729664,\"reservable\":127729664},\"cpu\":{\"cores\":1,\"systemLoad\":0.0196078431372549,\"lavalinkLoad\":0.020202020202020204},\"op\":\"stats\"}"}
{"level":20,"time":1706483516494,"pid":17664,"hostname":"Zelloxx","msg":"Node \"Lavalink\" debug: connection: lavaclient <<< stats: {\"players\":27,\"playingPlayers\":3,\"uptime\":441768724,\"memory\":{\"free\":27092984,\"used\":100636680,\"allocated\":127729664,\"reservable\":127729664},\"cpu\":{\"cores\":1,\"systemLoad\":0.0,\"lavalinkLoad\":0.0},\"op\":\"stats\"}"}
{"level":20,"time":1706483576422,"pid":17664,"hostname":"Zelloxx","msg":"Node \"Lavalink\" debug: connection: lavaclient <<< stats: {\"players\":27,\"playingPlayers\":3,\"uptime\":441828729,\"memory\":{\"free\":44207448,\"used\":83522216,\"allocated\":127729664,\"reservable\":127729664},\"cpu\":{\"cores\":1,\"systemLoad\":0.0,\"lavalinkLoad\":0.020161290322580645},\"op\":\"stats\"}"}
{"level":20,"time":1706483636427,"pid":17664,"hostname":"Zelloxx","msg":"Node \"Lavalink\" debug: connection: lavaclient <<< stats: {\"players\":27,\"playingPlayers\":3,\"uptime\":441888734,\"memory\":{\"free\":22030432,\"used\":105699232,\"allocated\":127729664,\"reservable\":127729664},\"cpu\":{\"cores\":1,\"systemLoad\":0.05555555555555555,\"lavalinkLoad\":0.02012072434607646},\"op\":\"stats\"}"}
{"level":20,"time":1706483696432,"pid":17664,"hostname":"Zelloxx","msg":"Node \"Lavalink\" debug: connection: lavaclient <<< stats: {\"players\":28,\"playingPlayers\":4,\"uptime\":441948739,\"memory\":{\"free\":41428944,\"used\":86300720,\"allocated\":127729664,\"reservable\":127729664},\"cpu\":{\"cores\":1,\"systemLoad\":0.0196078431372549,\"lavalinkLoad\":0.020161290322580645},\"op\":\"stats\"}"}
{"level":20,"time":1706483756437,"pid":17664,"hostname":"Zelloxx","msg":"Node \"Lavalink\" debug: connection: lavaclient <<< stats: {\"players\":28,\"playingPlayers\":3,\"uptime\":442008744,\"memory\":{\"free\":23306160,\"used\":104423504,\"allocated\":127729664,\"reservable\":127729664},\"cpu\":{\"cores\":1,\"systemLoad\":0.03773584905660377,\"lavalinkLoad\":0.02012072434607646},\"op\":\"stats\"}"}
{"level":20,"time":1706483816442,"pid":17664,"hostname":"Zelloxx","msg":"Node \"Lavalink\" debug: connection: lavaclient <<< stats: {\"players\":27,\"playingPlayers\":2,\"uptime\":442068749,\"memory\":{\"free\":45531208,\"used\":82198456,\"allocated\":127729664,\"reservable\":127729664},\"cpu\":{\"cores\":1,\"systemLoad\":0.0196078431372549,\"lavalinkLoad\":0.02012072434607646},\"op\":\"stats\"}"}
{"level":20,"time":1706483876448,"pid":17664,"hostname":"Zelloxx","msg":"Node \"Lavalink\" debug: connection: lavaclient <<< stats: {\"players\":27,\"playingPlayers\":2,\"uptime\":442128754,\"memory\":{\"free\":29320104,\"used\":98409560,\"allocated\":127729664,\"reservable\":127729664},\"cpu\":{\"cores\":1,\"systemLoad\":0.038461538461538464,\"lavalinkLoad\":0.04032258064516129},\"op\":\"stats\"}"}
{"level":20,"time":1706483936454,"pid":17664,"hostname":"Zelloxx","msg":"Node \"Lavalink\" debug: connection: lavaclient <<< stats: {\"players\":27,\"playingPlayers\":2,\"uptime\":442188759,\"memory\":{\"free\":16015616,\"used\":111714048,\"allocated\":127729664,\"reservable\":127729664},\"cpu\":{\"cores\":1,\"systemLoad\":0.0196078431372549,\"lavalinkLoad\":0.020161290322580645},\"op\":\"stats\"}"}
{"level":20,"time":1706483996458,"pid":17664,"hostname":"Zelloxx","msg":"Node \"Lavalink\" debug: connection: lavaclient <<< stats: {\"players\":27,\"playingPlayers\":2,\"uptime\":442248764,\"memory\":{\"free\":37877016,\"used\":89852648,\"allocated\":127729664,\"reservable\":127729664},\"cpu\":{\"cores\":1,\"systemLoad\":0.07272727272727272,\"lavalinkLoad\":0.04032258064516129},\"op\":\"stats\"}"}
{"level":20,"time":1706484056463,"pid":17664,"hostname":"Zelloxx","msg":"Node \"Lavalink\" debug: connection: lavaclient <<< stats: {\"players\":27,\"playingPlayers\":2,\"uptime\":442308769,\"memory\":{\"free\":22311800,\"used\":105417864,\"allocated\":127729664,\"reservable\":127729664},\"cpu\":{\"cores\":1,\"systemLoad\":0.019230769230769232,\"lavalinkLoad\":0.020161290322580645},\"op\":\"stats\"}"}
{"level":20,"time":1706484116468,"pid":17664,"hostname":"Zelloxx","msg":"Node \"Lavalink\" debug: connection: lavaclient <<< stats: {\"players\":27,\"playingPlayers\":2,\"uptime\":442368774,\"memory\":{\"free\":44423872,\"used\":83305792,\"allocated\":127729664,\"reservable\":127729664},\"cpu\":{\"cores\":1,\"systemLoad\":0.03773584905660377,\"lavalinkLoad\":0.04032258064516129},\"op\":\"stats\"}"}
{"level":20,"time":1706484176474,"pid":17664,"hostname":"Zelloxx","msg":"Node \"Lavalink\" debug: connection: lavaclient <<< stats: {\"players\":27,\"playingPlayers\":2,\"uptime\":442428779,\"memory\":{\"free\":31489104,\"used\":96240560,\"allocated\":127729664,\"reservable\":127729664},\"cpu\":{\"cores\":1,\"systemLoad\":0.0196078431372549,\"lavalinkLoad\":0.020161290322580645},\"op\":\"stats\"}"}
{"level":20,"time":1706484236479,"pid":17664,"hostname":"Zelloxx","msg":"Node \"Lavalink\" debug: connection: lavaclient <<< stats: {\"players\":27,\"playingPlayers\":2,\"uptime\":442488784,\"memory\":{\"free\":19102448,\"used\":108627216,\"allocated\":127729664,\"reservable\":127729664},\"cpu\":{\"cores\":1,\"systemLoad\":0.019230769230769232,\"lavalinkLoad\":0.020161290322580645},\"op\":\"stats\"}"}
{"level":20,"time":1706484296485,"pid":17664,"hostname":"Zelloxx","msg":"Node \"Lavalink\" debug: connection: lavaclient <<< stats: {\"players\":27,\"playingPlayers\":2,\"uptime\":442548789,\"memory\":{\"free\":38688728,\"used\":89040936,\"allocated\":127729664,\"reservable\":127729664},\"cpu\":{\"cores\":1,\"systemLoad\":0.0,\"lavalinkLoad\":0.020161290322580645},\"op\":\"stats\"}"}
{"level":20,"time":1706484356490,"pid":17664,"hostname":"Zelloxx","msg":"Node \"Lavalink\" debug: connection: lavaclient <<< stats: {\"players\":27,\"playingPlayers\":2,\"uptime\":442608794,\"memory\":{\"free\":25156416,\"used\":102573248,\"allocated\":127729664,\"reservable\":127729664},\"cpu\":{\"cores\":1,\"systemLoad\":0.0,\"lavalinkLoad\":0.020161290322580645},\"op\":\"stats\"}"}
{"level":20,"time":1706484416495,"pid":17664,"hostname":"Zelloxx","msg":"Node \"Lavalink\" debug: connection: lavaclient <<< stats: {\"players\":27,\"playingPlayers\":2,\"uptime\":442668799,\"memory\":{\"free\":47658424,\"used\":80071240,\"allocated\":127729664,\"reservable\":127729664},\"cpu\":{\"cores\":1,\"systemLoad\":0.019230769230769232,\"lavalinkLoad\":0.0},\"op\":\"stats\"}"}
{"level":20,"time":1706484476500,"pid":17664,"hostname":"Zelloxx","msg":"Node \"Lavalink\" debug: connection: lavaclient <<< stats: {\"players\":27,\"playingPlayers\":3,\"uptime\":442728804,\"memory\":{\"free\":20021288,\"used\":107708376,\"allocated\":127729664,\"reservable\":127729664},\"cpu\":{\"cores\":1,\"systemLoad\":0.038461538461538464,\"lavalinkLoad\":0.020161290322580645},\"op\":\"stats\"}"}
{"level":20,"time":1706484536505,"pid":17664,"hostname":"Zelloxx","msg":"Node \"Lavalink\" debug: connection: lavaclient <<< stats: {\"players\":27,\"playingPlayers\":3,\"uptime\":442788809,\"memory\":{\"free\":35001064,\"used\":92728600,\"allocated\":127729664,\"reservable\":127729664},\"cpu\":{\"cores\":1,\"systemLoad\":0.019230769230769232,\"lavalinkLoad\":0.020161290322580645},\"op\":\"stats\"}"}
{"level":20,"time":1706484596511,"pid":17664,"hostname":"Zelloxx","msg":"Node \"Lavalink\" debug: connection: lavaclient <<< stats: {\"players\":28,\"playingPlayers\":3,\"uptime\":442848814,\"memory\":{\"free\":21692816,\"used\":106036848,\"allocated\":127729664,\"reservable\":127729664},\"cpu\":{\"cores\":1,\"systemLoad\":0.038461538461538464,\"lavalinkLoad\":0.020161290322580645},\"op\":\"stats\"}"}
{"level":20,"time":1706484656516,"pid":17664,"hostname":"Zelloxx","msg":"Node \"Lavalink\" debug: connection: lavaclient <<< stats: {\"players\":28,\"playingPlayers\":3,\"uptime\":442908819,\"memory\":{\"free\":25320336,\"used\":102409328,\"allocated\":127729664,\"reservable\":127729664},\"cpu\":{\"cores\":1,\"systemLoad\":0.0,\"lavalinkLoad\":0.020161290322580645},\"op\":\"stats\"}"}
{"level":20,"time":1706484716521,"pid":17664,"hostname":"Zelloxx","msg":"Node \"Lavalink\" debug: connection: lavaclient <<< stats: {\"players\":28,\"playingPlayers\":3,\"uptime\":442968824,\"memory\":{\"free\":30389152,\"used\":97340512,\"allocated\":127729664,\"reservable\":127729664},\"cpu\":{\"cores\":1,\"systemLoad\":0.05660377358490566,\"lavalinkLoad\":0.020161290322580645},\"op\":\"stats\"}"}
{"level":20,"time":1706484776528,"pid":17664,"hostname":"Zelloxx","msg":"Node \"Lavalink\" debug: connection: lavaclient <<< stats: {\"players\":28,\"playingPlayers\":3,\"uptime\":443028829,\"memory\":{\"free\":42359488,\"used\":85370176,\"allocated\":127729664,\"reservable\":127729664},\"cpu\":{\"cores\":1,\"systemLoad\":0.038461538461538464,\"lavalinkLoad\":0.0},\"op\":\"stats\"}"}
{"level":20,"time":1706484836535,"pid":17664,"hostname":"Zelloxx","msg":"Node \"Lavalink\" debug: connection: lavaclient <<< stats: {\"players\":28,\"playingPlayers\":4,\"uptime\":443088834,\"memory\":{\"free\":45053616,\"used\":82676048,\"allocated\":127729664,\"reservable\":127729664},\"cpu\":{\"cores\":1,\"systemLoad\":0.07547169811320754,\"lavalinkLoad\":0.04032258064516129},\"op\":\"stats\"}"}
{"level":20,"time":1706484896537,"pid":17664,"hostname":"Zelloxx","msg":"Node \"Lavalink\" debug: connection: lavaclient <<< stats: {\"players\":28,\"playingPlayers\":4,\"uptime\":443148839,\"memory\":{\"free\":11117128,\"used\":116612536,\"allocated\":127729664,\"reservable\":127729664},\"cpu\":{\"cores\":1,\"systemLoad\":0.10909090909090909,\"lavalinkLoad\":0.06048387096774194},\"op\":\"stats\"}"}
{"level":20,"time":1706484956542,"pid":17664,"hostname":"Zelloxx","msg":"Node \"Lavalink\" debug: connection: lavaclient <<< stats: {\"players\":30,\"playingPlayers\":6,\"uptime\":443208844,\"memory\":{\"free\":36853520,\"used\":90876144,\"allocated\":127729664,\"reservable\":127729664},\"cpu\":{\"cores\":1,\"systemLoad\":0.07692307692307693,\"lavalinkLoad\":0.04032258064516129},\"op\":\"stats\"}"}
{"level":20,"time":1706485016547,"pid":17664,"hostname":"Zelloxx","msg":"Node \"Lavalink\" debug: connection: lavaclient <<< stats: {\"players\":28,\"playingPlayers\":4,\"uptime\":443268849,\"memory\":{\"free\":44894720,\"used\":82834944,\"allocated\":127729664,\"reservable\":127729664},\"cpu\":{\"cores\":1,\"systemLoad\":0.02040816326530612,\"lavalinkLoad\":0.08064516129032258},\"op\":\"stats\"}"}
{"level":20,"time":1706485076557,"pid":17664,"hostname":"Zelloxx","msg":"Node \"Lavalink\" debug: connection: lavaclient <<< stats: {\"players\":28,\"playingPlayers\":4,\"uptime\":443328854,\"memory\":{\"free\":22082560,\"used\":105647104,\"allocated\":127729664,\"reservable\":127729664},\"cpu\":{\"cores\":1,\"systemLoad\":0.057692307692307696,\"lavalinkLoad\":0.04032258064516129},\"op\":\"stats\"}"}
{"level":20,"time":1706485136561,"pid":17664,"hostname":"Zelloxx","msg":"Node \"Lavalink\" debug: connection: lavaclient <<< stats: {\"players\":28,\"playingPlayers\":4,\"uptime\":443388859,\"memory\":{\"free\":31870960,\"used\":95858704,\"allocated\":127729664,\"reservable\":127729664},\"cpu\":{\"cores\":1,\"systemLoad\":0.18333333333333332,\"lavalinkLoad\":0.06048387096774194},\"op\":\"stats\"}"}
{"level":20,"time":1706485196563,"pid":17664,"hostname":"Zelloxx","msg":"Node \"Lavalink\" debug: connection: lavaclient <<< stats: {\"players\":28,\"playingPlayers\":3,\"uptime\":443448864,\"memory\":{\"free\":44584864,\"used\":83144800,\"allocated\":127729664,\"reservable\":127729664},\"cpu\":{\"cores\":1,\"systemLoad\":0.0,\"lavalinkLoad\":0.04032258064516129},\"op\":\"stats\"}"}
{"level":20,"time":1706485256569,"pid":17664,"hostname":"Zelloxx","msg":"Node \"Lavalink\" debug: connection: lavaclient <<< stats: {\"players\":28,\"playingPlayers\":3,\"uptime\":443508869,\"memory\":{\"free\":20776832,\"used\":106952832,\"allocated\":127729664,\"reservable\":127729664},\"cpu\":{\"cores\":1,\"systemLoad\":0.0196078431372549,\"lavalinkLoad\":0.020161290322580645},\"op\":\"stats\"}"}
{"level":20,"time":1706485316574,"pid":17664,"hostname":"Zelloxx","msg":"Node \"Lavalink\" debug: connection: lavaclient <<< stats: {\"players\":28,\"playingPlayers\":3,\"uptime\":443568874,\"memory\":{\"free\":36134952,\"used\":91594712,\"allocated\":127729664,\"reservable\":127729664},\"cpu\":{\"cores\":1,\"systemLoad\":0.057692307692307696,\"lavalinkLoad\":0.06048387096774194},\"op\":\"stats\"}"}
{"level":20,"time":1706485376579,"pid":17664,"hostname":"Zelloxx","msg":"Node \"Lavalink\" debug: connection: lavaclient <<< stats: {\"players\":28,\"playingPlayers\":3,\"uptime\":443628879,\"memory\":{\"free\":14897488,\"used\":112832176,\"allocated\":127729664,\"reservable\":127729664},\"cpu\":{\"cores\":1,\"systemLoad\":0.05660377358490566,\"lavalinkLoad\":0.020161290322580645},\"op\":\"stats\"}"}
{"level":20,"time":1706485436584,"pid":17664,"hostname":"Zelloxx","msg":"Node \"Lavalink\" debug: connection: lavaclient <<< stats: {\"players\":28,\"playingPlayers\":3,\"uptime\":443688884,\"memory\":{\"free\":31176704,\"used\":96552960,\"allocated\":127729664,\"reservable\":127729664},\"cpu\":{\"cores\":1,\"systemLoad\":0.0,\"lavalinkLoad\":0.04032258064516129},\"op\":\"stats\"}"}
{"level":20,"time":1706485496592,"pid":17664,"hostname":"Zelloxx","msg":"Node \"Lavalink\" debug: connection: lavaclient <<< stats: {\"players\":28,\"playingPlayers\":4,\"uptime\":443748890,\"memory\":{\"free\":39781192,\"used\":87948472,\"allocated\":127729664,\"reservable\":127729664},\"cpu\":{\"cores\":1,\"systemLoad\":0.057692307692307696,\"lavalinkLoad\":0.020080321285140562},\"op\":\"stats\"}"}
{"level":20,"time":1706485556595,"pid":17664,"hostname":"Zelloxx","msg":"Node \"Lavalink\" debug: connection: lavaclient <<< stats: {\"players\":28,\"playingPlayers\":4,\"uptime\":443808894,\"memory\":{\"free\":12101432,\"used\":115628232,\"allocated\":127729664,\"reservable\":127729664},\"cpu\":{\"cores\":1,\"systemLoad\":0.038461538461538464,\"lavalinkLoad\":0.04032258064516129},\"op\":\"stats\"}"}
{"level":20,"time":1706485616600,"pid":17664,"hostname":"Zelloxx","msg":"Node \"Lavalink\" debug: connection: lavaclient <<< stats: {\"players\":28,\"playingPlayers\":4,\"uptime\":443868899,\"memory\":{\"free\":22028864,\"used\":105700800,\"allocated\":127729664,\"reservable\":127729664},\"cpu\":{\"cores\":1,\"systemLoad\":0.0196078431372549,\"lavalinkLoad\":0.020161290322580645},\"op\":\"stats\"}"}
{"level":20,"time":1706485676606,"pid":17664,"hostname":"Zelloxx","msg":"Node \"Lavalink\" debug: connection: lavaclient <<< stats: {\"players\":28,\"playingPlayers\":4,\"uptime\":443928905,\"memory\":{\"free\":22367800,\"used\":105361864,\"allocated\":127729664,\"reservable\":127729664},\"cpu\":{\"cores\":1,\"systemLoad\":0.019230769230769232,\"lavalinkLoad\":0.020161290322580645},\"op\":\"stats\"}"}
{"level":20,"time":1706485736611,"pid":17664,"hostname":"Zelloxx","msg":"Node \"Lavalink\" debug: connection: lavaclient <<< stats: {\"players\":27,\"playingPlayers\":3,\"uptime\":443988910,\"memory\":{\"free\":31115784,\"used\":96613880,\"allocated\":127729664,\"reservable\":127729664},\"cpu\":{\"cores\":1,\"systemLoad\":0.07547169811320754,\"lavalinkLoad\":0.06048387096774194},\"op\":\"stats\"}"}
{"level":20,"time":1706485796616,"pid":17664,"hostname":"Zelloxx","msg":"Node \"Lavalink\" debug: connection: lavaclient <<< stats: {\"players\":27,\"playingPlayers\":3,\"uptime\":444048915,\"memory\":{\"free\":38713040,\"used\":89016624,\"allocated\":127729664,\"reservable\":127729664},\"cpu\":{\"cores\":1,\"systemLoad\":0.0196078431372549,\"lavalinkLoad\":0.06048387096774194},\"op\":\"stats\"}"}
{"level":20,"time":1706485856621,"pid":17664,"hostname":"Zelloxx","msg":"Node \"Lavalink\" debug: connection: lavaclient <<< stats: {\"players\":26,\"playingPlayers\":2,\"uptime\":444108920,\"memory\":{\"free\":26168944,\"used\":101560720,\"allocated\":127729664,\"reservable\":127729664},\"cpu\":{\"cores\":1,\"systemLoad\":0.0,\"lavalinkLoad\":0.020161290322580645},\"op\":\"stats\"}"}
{"level":20,"time":1706485916627,"pid":17664,"hostname":"Zelloxx","msg":"Node \"Lavalink\" debug: connection: lavaclient <<< stats: {\"players\":26,\"playingPlayers\":2,\"uptime\":444168925,\"memory\":{\"free\":45160808,\"used\":82568856,\"allocated\":127729664,\"reservable\":127729664},\"cpu\":{\"cores\":1,\"systemLoad\":0.02,\"lavalinkLoad\":0.020161290322580645},\"op\":\"stats\"}"}
{"level":20,"time":1706485976632,"pid":17664,"hostname":"Zelloxx","msg":"Node \"Lavalink\" debug: connection: lavaclient <<< stats: {\"players\":26,\"playingPlayers\":2,\"uptime\":444228930,\"memory\":{\"free\":32671984,\"used\":95057680,\"allocated\":127729664,\"reservable\":127729664},\"cpu\":{\"cores\":1,\"systemLoad\":0.019230769230769232,\"lavalinkLoad\":0.020161290322580645},\"op\":\"stats\"}"}
{"level":20,"time":1706486036637,"pid":17664,"hostname":"Zelloxx","msg":"Node \"Lavalink\" debug: connection: lavaclient <<< stats: {\"players\":26,\"playingPlayers\":2,\"uptime\":444288935,\"memory\":{\"free\":20301200,\"used\":107428464,\"allocated\":127729664,\"reservable\":127729664},\"cpu\":{\"cores\":1,\"systemLoad\":0.019230769230769232,\"lavalinkLoad\":0.0},\"op\":\"stats\"}"}
{"level":20,"time":1706486096645,"pid":17664,"hostname":"Zelloxx","msg":"Node \"Lavalink\" debug: connection: lavaclient <<< stats: {\"players\":26,\"playingPlayers\":2,\"uptime\":444348940,\"memory\":{\"free\":40447584,\"used\":87282080,\"allocated\":127729664,\"reservable\":127729664},\"cpu\":{\"cores\":1,\"systemLoad\":0.02,\"lavalinkLoad\":0.020080321285140562},\"op\":\"stats\"}"}
{"level":20,"time":1706486156647,"pid":17664,"hostname":"Zelloxx","msg":"Node \"Lavalink\" debug: connection: lavaclient <<< stats: {\"players\":26,\"playingPlayers\":2,\"uptime\":444408945,\"memory\":{\"free\":22460472,\"used\":105269192,\"allocated\":127729664,\"reservable\":127729664},\"cpu\":{\"cores\":1,\"systemLoad\":0.0,\"lavalinkLoad\":0.020161290322580645},\"op\":\"stats\"}"}
{"level":20,"time":1706486216653,"pid":17664,"hostname":"Zelloxx","msg":"Node \"Lavalink\" debug: connection: lavaclient <<< stats: {\"players\":26,\"playingPlayers\":2,\"uptime\":444468950,\"memory\":{\"free\":45446024,\"used\":82283640,\"allocated\":127729664,\"reservable\":127729664},\"cpu\":{\"cores\":1,\"systemLoad\":0.05660377358490566,\"lavalinkLoad\":0.020161290322580645},\"op\":\"stats\"}"}
{"level":20,"time":1706486276658,"pid":17664,"hostname":"Zelloxx","msg":"Node \"Lavalink\" debug: connection: lavaclient <<< stats: {\"players\":26,\"playingPlayers\":2,\"uptime\":444528955,\"memory\":{\"free\":33011648,\"used\":94718016,\"allocated\":127729664,\"reservable\":127729664},\"cpu\":{\"cores\":1,\"systemLoad\":0.05660377358490566,\"lavalinkLoad\":0.020161290322580645},\"op\":\"stats\"}"}
{"level":20,"time":1706486336664,"pid":17664,"hostname":"Zelloxx","msg":"Node \"Lavalink\" debug: connection: lavaclient <<< stats: {\"players\":26,\"playingPlayers\":2,\"uptime\":444588960,\"memory\":{\"free\":15942656,\"used\":111787008,\"allocated\":127729664,\"reservable\":127729664},\"cpu\":{\"cores\":1,\"systemLoad\":0.019230769230769232,\"lavalinkLoad\":0.02012072434607646},\"op\":\"stats\"}"}
{"level":20,"time":1706486396668,"pid":17664,"hostname":"Zelloxx","msg":"Node \"Lavalink\" debug: connection: lavaclient <<< stats: {\"players\":26,\"playingPlayers\":2,\"uptime\":444648965,\"memory\":{\"free\":38566224,\"used\":89163440,\"allocated\":127729664,\"reservable\":127729664},\"cpu\":{\"cores\":1,\"systemLoad\":0.019230769230769232,\"lavalinkLoad\":0.020161290322580645},\"op\":\"stats\"}"}
{"level":20,"time":1706486456674,"pid":17664,"hostname":"Zelloxx","msg":"Node \"Lavalink\" debug: connection: lavaclient <<< stats: {\"players\":26,\"playingPlayers\":2,\"uptime\":444708970,\"memory\":{\"free\":25184016,\"used\":102545648,\"allocated\":127729664,\"reservable\":127729664},\"cpu\":{\"cores\":1,\"systemLoad\":0.019230769230769232,\"lavalinkLoad\":0.020161290322580645},\"op\":\"stats\"}"}
{"level":20,"time":1706486516697,"pid":17664,"hostname":"Zelloxx","msg":"Node \"Lavalink\" debug: connection: lavaclient <<< stats: {\"players\":26,\"playingPlayers\":2,\"uptime\":444768975,\"memory\":{\"free\":10567128,\"used\":117162536,\"allocated\":127729664,\"reservable\":127729664},\"cpu\":{\"cores\":1,\"systemLoad\":0.05555555555555555,\"lavalinkLoad\":0.058365758754863814},\"op\":\"stats\"}"}
{"level":20,"time":1706486576685,"pid":17664,"hostname":"Zelloxx","msg":"Node \"Lavalink\" debug: connection: lavaclient <<< stats: {\"players\":27,\"playingPlayers\":2,\"uptime\":444828980,\"memory\":{\"free\":31744344,\"used\":95985320,\"allocated\":127729664,\"reservable\":127729664},\"cpu\":{\"cores\":1,\"systemLoad\":0.0196078431372549,\"lavalinkLoad\":0.020202020202020204},\"op\":\"stats\"}"}
{"level":20,"time":1706486636689,"pid":17664,"hostname":"Zelloxx","msg":"Node \"Lavalink\" debug: connection: lavaclient <<< stats: {\"players\":27,\"playingPlayers\":3,\"uptime\":444888985,\"memory\":{\"free\":40705040,\"used\":87024624,\"allocated\":127729664,\"reservable\":127729664},\"cpu\":{\"cores\":1,\"systemLoad\":0.0196078431372549,\"lavalinkLoad\":0.04032258064516129},\"op\":\"stats\"}"}
{"level":20,"time":1706486696695,"pid":17664,"hostname":"Zelloxx","msg":"Node \"Lavalink\" debug: connection: lavaclient <<< stats: {\"players\":26,\"playingPlayers\":2,\"uptime\":444948990,\"memory\":{\"free\":24559520,\"used\":103170144,\"allocated\":127729664,\"reservable\":127729664},\"cpu\":{\"cores\":1,\"systemLoad\":0.03773584905660377,\"lavalinkLoad\":0.0},\"op\":\"stats\"}"}
{"level":20,"time":1706486756700,"pid":17664,"hostname":"Zelloxx","msg":"Node \"Lavalink\" debug: connection: lavaclient <<< stats: {\"players\":27,\"playingPlayers\":3,\"uptime\":445008995,\"memory\":{\"free\":29958304,\"used\":97771360,\"allocated\":127729664,\"reservable\":127729664},\"cpu\":{\"cores\":1,\"systemLoad\":0.05660377358490566,\"lavalinkLoad\":0.020161290322580645},\"op\":\"stats\"}"}
{"level":20,"time":1706486816742,"pid":17664,"hostname":"Zelloxx","msg":"Node \"Lavalink\" debug: connection: lavaclient <<< stats: {\"players\":27,\"playingPlayers\":3,\"uptime\":445069000,\"memory\":{\"free\":36989384,\"used\":90740280,\"allocated\":127729664,\"reservable\":127729664},\"cpu\":{\"cores\":1,\"systemLoad\":0.0,\"lavalinkLoad\":0.020161290322580645},\"op\":\"stats\"}"}
{"level":20,"time":1706486876711,"pid":17664,"hostname":"Zelloxx","msg":"Node \"Lavalink\" debug: connection: lavaclient <<< stats: {\"players\":27,\"playingPlayers\":3,\"uptime\":445129005,\"memory\":{\"free\":17588368,\"used\":110141296,\"allocated\":127729664,\"reservable\":127729664},\"cpu\":{\"cores\":1,\"systemLoad\":0.03773584905660377,\"lavalinkLoad\":0.020161290322580645},\"op\":\"stats\"}"}
{"level":20,"time":1706486936728,"pid":17664,"hostname":"Zelloxx","msg":"Node \"Lavalink\" debug: connection: lavaclient <<< stats: {\"players\":27,\"playingPlayers\":4,\"uptime\":445189010,\"memory\":{\"free\":24943432,\"used\":102786232,\"allocated\":127729664,\"reservable\":127729664},\"cpu\":{\"cores\":1,\"systemLoad\":0.038461538461538464,\"lavalinkLoad\":0.020202020202020204},\"op\":\"stats\"}"}
{"level":20,"time":1706486996721,"pid":17664,"hostname":"Zelloxx","msg":"Node \"Lavalink\" debug: connection: lavaclient <<< stats: {\"players\":26,\"playingPlayers\":3,\"uptime\":445249015,\"memory\":{\"free\":37898320,\"used\":89831344,\"allocated\":127729664,\"reservable\":127729664},\"cpu\":{\"cores\":1,\"systemLoad\":0.0196078431372549,\"lavalinkLoad\":0.04032258064516129},\"op\":\"stats\"}"}
{"level":20,"time":1706487056727,"pid":17664,"hostname":"Zelloxx","msg":"Node \"Lavalink\" debug: connection: lavaclient <<< stats: {\"players\":25,\"playingPlayers\":2,\"uptime\":445309020,\"memory\":{\"free\":16678512,\"used\":111051152,\"allocated\":127729664,\"reservable\":127729664},\"cpu\":{\"cores\":1,\"systemLoad\":0.019230769230769232,\"lavalinkLoad\":0.02012072434607646},\"op\":\"stats\"}"}
{"level":20,"time":1706487116759,"pid":17664,"hostname":"Zelloxx","msg":"Node \"Lavalink\" debug: connection: lavaclient <<< stats: {\"players\":25,\"playingPlayers\":2,\"uptime\":445369025,\"memory\":{\"free\":40352872,\"used\":87376792,\"allocated\":127729664,\"reservable\":127729664},\"cpu\":{\"cores\":1,\"systemLoad\":0.019230769230769232,\"lavalinkLoad\":0.0},\"op\":\"stats\"}"}
{"level":20,"time":1706487176737,"pid":17664,"hostname":"Zelloxx","msg":"Node \"Lavalink\" debug: connection: lavaclient <<< stats: {\"players\":25,\"playingPlayers\":2,\"uptime\":445429030,\"memory\":{\"free\":24765744,\"used\":102963920,\"allocated\":127729664,\"reservable\":127729664},\"cpu\":{\"cores\":1,\"systemLoad\":0.05555555555555555,\"lavalinkLoad\":0.02012072434607646},\"op\":\"stats\"}"}
{"level":20,"time":1706487236742,"pid":17664,"hostname":"Zelloxx","msg":"Node \"Lavalink\" debug: connection: lavaclient <<< stats: {\"players\":25,\"playingPlayers\":2,\"uptime\":445489035,\"memory\":{\"free\":12979872,\"used\":114749792,\"allocated\":127729664,\"reservable\":127729664},\"cpu\":{\"cores\":1,\"systemLoad\":0.019230769230769232,\"lavalinkLoad\":0.0},\"op\":\"stats\"}"}
{"level":20,"time":1706487296758,"pid":17664,"hostname":"Zelloxx","msg":"Node \"Lavalink\" debug: connection: lavaclient <<< stats: {\"players\":25,\"playingPlayers\":2,\"uptime\":445549040,\"memory\":{\"free\":35569024,\"used\":92160640,\"allocated\":127729664,\"reservable\":127729664},\"cpu\":{\"cores\":1,\"systemLoad\":0.019230769230769232,\"lavalinkLoad\":0.02012072434607646},\"op\":\"stats\"}"}
{"level":20,"time":1706487356754,"pid":17664,"hostname":"Zelloxx","msg":"Node \"Lavalink\" debug: connection: lavaclient <<< stats: {\"players\":25,\"playingPlayers\":2,\"uptime\":445609045,\"memory\":{\"free\":21290344,\"used\":106439320,\"allocated\":127729664,\"reservable\":127729664},\"cpu\":{\"cores\":1,\"systemLoad\":0.019230769230769232,\"lavalinkLoad\":0.04024144869215292},\"op\":\"stats\"}"}
